Unity Editor version:    2021.3.19f1 (c9714fde33b6)
Branch:                  2021.3/staging
Build type:              Release
Batch mode:              YES
macOS version:           Version 12.3 (Build 21E230)
Darwin version:          21.4.0
Architecture:            arm64
Running under Rosetta:   NO
Available memory:        32768 MB
Using pre-set license
Pro License: YES

COMMAND LINE ARGUMENTS:
/Applications/Unity/Hub/Editor/2021.3.19f1-arm64/Unity.app/Contents/MacOS/Unity
-adb2
-batchMode
-noUpm
-name
AssetImportWorker0
-projectPath
/Users/ab/Documents/GitHub/FazeRunner
-logFile
Logs/AssetImportWorker0.log
-srvPort
50970
Successfully changed project path to: /Users/ab/Documents/GitHub/FazeRunner
/Users/ab/Documents/GitHub/FazeRunner
[UnityMemory] Configuration Parameters - Can be set up in boot.config
    "memorysetup-bucket-allocator-granularity=16"
    "memorysetup-bucket-allocator-bucket-count=8"
    "memorysetup-bucket-allocator-block-size=33554432"
    "memorysetup-bucket-allocator-block-count=8"
    "memorysetup-main-allocator-block-size=16777216"
    "memorysetup-thread-allocator-block-size=16777216"
    "memorysetup-gfx-main-allocator-block-size=16777216"
    "memorysetup-gfx-thread-allocator-block-size=16777216"
    "memorysetup-cache-allocator-block-size=4194304"
    "memorysetup-typetree-allocator-block-size=2097152"
    "memorysetup-profiler-bucket-allocator-granularity=16"
    "memorysetup-profiler-bucket-allocator-bucket-count=8"
    "memorysetup-profiler-bucket-allocator-block-size=33554432"
    "memorysetup-profiler-bucket-allocator-block-count=8"
    "memorysetup-profiler-allocator-block-size=16777216"
    "memorysetup-profiler-editor-allocator-block-size=1048576"
    "memorysetup-temp-allocator-size-main=16777216"
    "memorysetup-job-temp-allocator-block-size=2097152"
    "memorysetup-job-temp-allocator-block-size-background=1048576"
    "memorysetup-job-temp-allocator-reduction-small-platforms=262144"
    "memorysetup-temp-allocator-size-background-worker=32768"
    "memorysetup-temp-allocator-size-job-worker=262144"
    "memorysetup-temp-allocator-size-preload-manager=33554432"
    "memorysetup-temp-allocator-size-nav-mesh-worker=65536"
    "memorysetup-temp-allocator-size-audio-worker=65536"
    "memorysetup-temp-allocator-size-cloud-worker=32768"
    "memorysetup-temp-allocator-size-gi-baking-worker=262144"
    "memorysetup-temp-allocator-size-gfx=262144"
Player connection [4464575872] Host "[IP] 192.168.1.15 [Port] 0 [Flags] 2 [Guid] 497311173 [EditorId] 497311173 [Version] 1048832 [Id] OSXEditor(0,abs-MBP-2.lan) [Debug] 1 [PackageName] OSXEditor [ProjectName] Editor" joined multi-casting on [225.0.0.222:54997]...

Player connection [4464575872] Host "[IP] 192.168.1.15 [Port] 0 [Flags] 2 [Guid] 497311173 [EditorId] 497311173 [Version] 1048832 [Id] OSXEditor(0,abs-MBP-2.lan) [Debug] 1 [PackageName] OSXEditor [ProjectName] Editor" joined alternative multi-casting on [225.0.0.222:34997]...

Refreshing native plugins compatible for Editor in 34.10 ms, found 3 plugins.
Preloading 0 native plugins for Editor in 0.00 ms.
Initialize engine version: 2021.3.19f1 (c9714fde33b6)
[Subsystems] Discovering subsystems at path /Applications/Unity/Hub/Editor/2021.3.19f1-arm64/Unity.app/Contents/Resources/UnitySubsystems
[Subsystems] Discovering subsystems at path /Users/ab/Documents/GitHub/FazeRunner/Assets
GfxDevice: creating device client; threaded=0; jobified=0
 preferred device: Apple M1 Pro (high power)
Metal devices available: 1
0: Apple M1 Pro (high power)
Using device Apple M1 Pro (high power)
Initializing Metal device caps: Apple M1 Pro
Initialize mono
Mono path[0] = '/Applications/Unity/Hub/Editor/2021.3.19f1-arm64/Unity.app/Contents/Managed'
Mono path[1] = '/Applications/Unity/Hub/Editor/2021.3.19f1-arm64/Unity.app/Contents/MonoBleedingEdge/lib/mono/unityjit-macos'
Mono config path = '/Applications/Unity/Hub/Editor/2021.3.19f1-arm64/Unity.app/Contents/MonoBleedingEdge/etc'
Using monoOptions --debugger-agent=transport=dt_socket,embedding=1,server=y,suspend=n,address=127.0.0.1:56128
Begin MonoManager ReloadAssembly
Registering precompiled unity dll's ...
Register platform support module: /Applications/Unity/Hub/Editor/2021.3.19f1-arm64/Unity.app/Contents/PlaybackEngines/MacStandaloneSupport/UnityEditor.OSXStandalone.Extensions.dll
Registered in 0.001547 seconds.
Native extension for OSXStandalone target not found
Refreshing native plugins compatible for Editor in 34.99 ms, found 3 plugins.
Preloading 0 native plugins for Editor in 0.00 ms.
Mono: successfully reloaded assembly
- Completed reload, in  0.432 seconds
Domain Reload Profiling:
	ReloadAssembly (433ms)
		BeginReloadAssembly (57ms)
			ExecutionOrderSort (0ms)
			DisableScriptedObjects (0ms)
			BackupInstance (0ms)
			ReleaseScriptingObjects (0ms)
			CreateAndSetChildDomain (0ms)
		EndReloadAssembly (295ms)
			LoadAssemblies (57ms)
			RebuildTransferFunctionScriptingTraits (0ms)
			SetupTypeCache (89ms)
			ReleaseScriptCaches (0ms)
			RebuildScriptCaches (24ms)
			SetupLoadedEditorAssemblies (152ms)
				LogAssemblyErrors (0ms)
				InitializePlatformSupportModulesInManaged (3ms)
				SetLoadedEditorAssemblies (0ms)
				RefreshPlugins (35ms)
				BeforeProcessingInitializeOnLoad (1ms)
				ProcessInitializeOnLoadAttributes (84ms)
				ProcessInitializeOnLoadMethodAttributes (28ms)
				AfterProcessingInitializeOnLoad (0ms)
				EditorAssembliesLoaded (0ms)
			ExecutionOrderSort2 (0ms)
			AwakeInstancesAfterBackupRestoration (0ms)
Platform modules already initialized, skipping
Registering precompiled user dll's ...
Registered in 0.002436 seconds.
Begin MonoManager ReloadAssembly
Native extension for OSXStandalone target not found
Refreshing native plugins compatible for Editor in 0.35 ms, found 3 plugins.
Preloading 0 native plugins for Editor in 0.00 ms.
Mono: successfully reloaded assembly
- Completed reload, in  0.696 seconds
Domain Reload Profiling:
	ReloadAssembly (696ms)
		BeginReloadAssembly (61ms)
			ExecutionOrderSort (0ms)
			DisableScriptedObjects (3ms)
			BackupInstance (0ms)
			ReleaseScriptingObjects (0ms)
			CreateAndSetChildDomain (18ms)
		EndReloadAssembly (554ms)
			LoadAssemblies (49ms)
			RebuildTransferFunctionScriptingTraits (0ms)
			SetupTypeCache (148ms)
			ReleaseScriptCaches (0ms)
			RebuildScriptCaches (40ms)
			SetupLoadedEditorAssemblies (283ms)
				LogAssemblyErrors (0ms)
				InitializePlatformSupportModulesInManaged (2ms)
				SetLoadedEditorAssemblies (0ms)
				RefreshPlugins (0ms)
				BeforeProcessingInitializeOnLoad (32ms)
				ProcessInitializeOnLoadAttributes (233ms)
				ProcessInitializeOnLoadMethodAttributes (14ms)
				AfterProcessingInitializeOnLoad (1ms)
				EditorAssembliesLoaded (0ms)
			ExecutionOrderSort2 (0ms)
			AwakeInstancesAfterBackupRestoration (2ms)
Platform modules already initialized, skipping
========================================================================
Worker process is ready to serve import requests
Launching external process: /Applications/Unity/Hub/Editor/2021.3.19f1-arm64/Unity.app/Contents/Tools/UnityShaderCompiler
Launched and connected shader compiler UnityShaderCompiler after 0.04 seconds
Refreshing native plugins compatible for Editor in 0.36 ms, found 3 plugins.
Preloading 0 native plugins for Editor in 0.00 ms.
Unloading 2153 Unused Serialized files (Serialized files now loaded: 0)
Unloading 24 unused Assets / (363.0 KB). Loaded Objects now: 2614.
Memory consumption went from 105.5 MB to 105.1 MB.
Total: 2.548541 ms (FindLiveObjects: 0.080458 ms CreateObjectMapping: 0.027125 ms MarkObjects: 2.323875 ms  DeleteObjects: 0.116166 ms)

AssetImportParameters requested are different than current active one (requested -> active):
  custom:video-decoder-ogg-theora: a1e56fd34408186e4bbccfd4996cb3dc -> 
  custom:container-muxer-webm: aa71ff27fc2769a1b78a27578f13a17b -> 
  custom:container-demuxer-webm: 4f35f7cbe854078d1ac9338744f61a02 -> 
  custom:video-encoder-webm-vp8: eb34c28f22e8b96e1ab97ce403110664 -> 
  custom:framework-osx-AVFoundation: e770b220cccbd017edd2c1fefb359320 -> 
  custom:audio-encoder-webm-vorbis: bf7c407c2cedff20999df2af8eb42d56 -> 
  custom:container-demuxer-ogg: 62fdf1f143b41e24485cea50d1cbac27 -> 
  custom:video-decoder-webm-vp8: 9c59270c3fd7afecdb556c50c9e8de78 -> 
  custom:audio-decoder-ogg-vorbis: bf7c407c2cedff20999df2af8eb42d56 -> 
========================================================================
Received Import Request.
  Time since last request: 867944.523838 seconds.
  path: Assets/NewScene_Profiles
  artifactKey: Guid(7adc12a6bb4662f4ca0945eaf9b9456f) Importer(815301076,1909f56bfc062723c751e8b465ee728b)
Start importing Assets/NewScene_Profiles using Guid(7adc12a6bb4662f4ca0945eaf9b9456f) Importer(815301076,1909f56bfc062723c751e8b465ee728b)  -> (artifact id: '3f88dfa670a09dbe8ce36a5fec7ce237') in 0.003778 seconds 
========================================================================
Received Import Request.
  Time since last request: 0.000060 seconds.
  path: Packages/com.unity.ext.nunit/package.json
  artifactKey: Guid(8143d3a8390f2c64685e3bc272bd9e90) Importer(815301076,1909f56bfc062723c751e8b465ee728b)
Start importing Packages/com.unity.ext.nunit/package.json using Guid(8143d3a8390f2c64685e3bc272bd9e90) Importer(815301076,1909f56bfc062723c751e8b465ee728b)  -> (artifact id: 'b40fc5629c4141466786b845dfe4fc31') in 0.113598 seconds 
========================================================================
Received Import Request.
  Time since last request: 0.891898 seconds.
  path: Assets/GlipContent/PP.asset
  artifactKey: Guid(c05eca6ac90489f4ea97c3e3dd07beca) Importer(815301076,1909f56bfc062723c751e8b465ee728b)
Start importing Assets/GlipContent/PP.asset using Guid(c05eca6ac90489f4ea97c3e3dd07beca) Importer(815301076,1909f56bfc062723c751e8b465ee728b)  -> (artifact id: '4d71a30ab95157647924c4e6c13ae14a') in 0.037237 seconds 
========================================================================
Received Import Request.
  Time since last request: 2.007626 seconds.
  path: Assets/GlipContent/Scenes
  artifactKey: Guid(d1bb820cca14026449a75ad222db25d7) Importer(815301076,1909f56bfc062723c751e8b465ee728b)
Start importing Assets/GlipContent/Scenes using Guid(d1bb820cca14026449a75ad222db25d7) Importer(815301076,1909f56bfc062723c751e8b465ee728b)  -> (artifact id: '9b76eaa10ed78e3c723e13f486c084a5') in 0.000929 seconds 
========================================================================
Received Import Request.
  Time since last request: 0.820453 seconds.
  path: Assets/GlipContent/Scenes/MainGame.unity
  artifactKey: Guid(56cc88503395bca42bd20d9dc7a83ed9) Importer(815301076,1909f56bfc062723c751e8b465ee728b)
Start importing Assets/GlipContent/Scenes/MainGame.unity using Guid(56cc88503395bca42bd20d9dc7a83ed9) Importer(815301076,1909f56bfc062723c751e8b465ee728b)  -> (artifact id: 'e76f08e17777698da7307fc80e7d7d2c') in 0.000919 seconds 
========================================================================
Received Import Request.
  Time since last request: 91.920531 seconds.
  path: Assets/Models/cHAR/Ch06_1001_Diffuse.png
  artifactKey: Guid(79e93b7f67a5b164aab8d75718beaf7b) Importer(815301076,1909f56bfc062723c751e8b465ee728b)
Start importing Assets/Models/cHAR/Ch06_1001_Diffuse.png using Guid(79e93b7f67a5b164aab8d75718beaf7b) Importer(815301076,1909f56bfc062723c751e8b465ee728b)  -> (artifact id: '0eb70b09b015b56fa672450adf26f724') in 0.394624 seconds 
========================================================================
Received Import Request.
  Time since last request: 0.000049 seconds.
  path: Assets/Models/cHAR/Ch06_1002_Normal.png
  artifactKey: Guid(af966ed20f2b90843837367bb7f6dcd5) Importer(815301076,1909f56bfc062723c751e8b465ee728b)
Start importing Assets/Models/cHAR/Ch06_1002_Normal.png using Guid(af966ed20f2b90843837367bb7f6dcd5) Importer(815301076,1909f56bfc062723c751e8b465ee728b)  -> (artifact id: 'd7efd0616a2423accb619df7314f7d36') in 0.045001 seconds 
========================================================================
Received Import Request.
  Time since last request: 0.000037 seconds.
  path: Assets/Models/cHAR/Ch06_1001_Normal.png
  artifactKey: Guid(735102168a6e6ef48be5397cb3d448d0) Importer(815301076,1909f56bfc062723c751e8b465ee728b)
Start importing Assets/Models/cHAR/Ch06_1001_Normal.png using Guid(735102168a6e6ef48be5397cb3d448d0) Importer(815301076,1909f56bfc062723c751e8b465ee728b)  -> (artifact id: '45d7822d0eba53135d0ca7da4c88cb2c') in 0.008017 seconds 
========================================================================
Received Import Request.
  Time since last request: 0.000035 seconds.
  path: Assets/Models/cHAR/Ch06_1001_Specular.png
  artifactKey: Guid(86d922da874912345a155d56db28c680) Importer(815301076,1909f56bfc062723c751e8b465ee728b)
Start importing Assets/Models/cHAR/Ch06_1001_Specular.png using Guid(86d922da874912345a155d56db28c680) Importer(815301076,1909f56bfc062723c751e8b465ee728b)  -> (artifact id: 'c1b36dd2c830942914010b9ba833201d') in 0.007321 seconds 
========================================================================
Received Import Request.
  Time since last request: 0.000041 seconds.
  path: Assets/Models/cHAR/Ch06_1002_Glossiness.png
  artifactKey: Guid(1e412696cab29bb4f89048a63a5aa240) Importer(815301076,1909f56bfc062723c751e8b465ee728b)
Start importing Assets/Models/cHAR/Ch06_1002_Glossiness.png using Guid(1e412696cab29bb4f89048a63a5aa240) Importer(815301076,1909f56bfc062723c751e8b465ee728b)  -> (artifact id: '7f4cc6e52e61c043c5793d5d4eb31c1d') in 0.006102 seconds 
========================================================================
Received Import Request.
  Time since last request: 0.000034 seconds.
  path: Assets/Models/cHAR/Ch06_1002_Specular.png
  artifactKey: Guid(27569226dd85dbb428a8a8ca93954bde) Importer(815301076,1909f56bfc062723c751e8b465ee728b)
Start importing Assets/Models/cHAR/Ch06_1002_Specular.png using Guid(27569226dd85dbb428a8a8ca93954bde) Importer(815301076,1909f56bfc062723c751e8b465ee728b)  -> (artifact id: 'eeda2b5c28061edefc53cf6af4f246a4') in 0.005353 seconds 
========================================================================
Received Import Request.
  Time since last request: 4.957122 seconds.
  path: Assets/Heureka/AssetHunterPRO
  artifactKey: Guid(499a2800c45b50d47a9c282e6ecbca6c) Importer(815301076,1909f56bfc062723c751e8b465ee728b)
Start importing Assets/Heureka/AssetHunterPRO using Guid(499a2800c45b50d47a9c282e6ecbca6c) Importer(815301076,1909f56bfc062723c751e8b465ee728b)  -> (artifact id: '4ef765814cf59fd07e8ec1c47c8977a7') in 0.000791 seconds 
========================================================================
Received Prepare
Registering precompiled user dll's ...
Registered in 0.000628 seconds.
Begin MonoManager ReloadAssembly
Thread 0x28ffc7000 may have been prematurely finalized
Native extension for OSXStandalone target not found
Refreshing native plugins compatible for Editor in 0.41 ms, found 3 plugins.
Preloading 0 native plugins for Editor in 0.00 ms.
Mono: successfully reloaded assembly
- Completed reload, in  0.616 seconds
Domain Reload Profiling:
	ReloadAssembly (616ms)
		BeginReloadAssembly (74ms)
			ExecutionOrderSort (0ms)
			DisableScriptedObjects (3ms)
			BackupInstance (0ms)
			ReleaseScriptingObjects (0ms)
			CreateAndSetChildDomain (30ms)
		EndReloadAssembly (477ms)
			LoadAssemblies (25ms)
			RebuildTransferFunctionScriptingTraits (0ms)
			SetupTypeCache (137ms)
			ReleaseScriptCaches (1ms)
			RebuildScriptCaches (35ms)
			SetupLoadedEditorAssemblies (247ms)
				LogAssemblyErrors (0ms)
				InitializePlatformSupportModulesInManaged (5ms)
				SetLoadedEditorAssemblies (0ms)
				RefreshPlugins (0ms)
				BeforeProcessingInitializeOnLoad (25ms)
				ProcessInitializeOnLoadAttributes (203ms)
				ProcessInitializeOnLoadMethodAttributes (12ms)
				AfterProcessingInitializeOnLoad (1ms)
				EditorAssembliesLoaded (0ms)
			ExecutionOrderSort2 (0ms)
			AwakeInstancesAfterBackupRestoration (2ms)
Platform modules already initialized, skipping
Refreshing native plugins compatible for Editor in 0.69 ms, found 3 plugins.
Preloading 0 native plugins for Editor in 0.00 ms.
Unloading 2056 Unused Serialized files (Serialized files now loaded: 0)
Unloading 17 unused Assets / (342.5 KB). Loaded Objects now: 2623.
Memory consumption went from 110.0 MB to 109.7 MB.
Total: 2.381875 ms (FindLiveObjects: 0.083292 ms CreateObjectMapping: 0.028750 ms MarkObjects: 2.202625 ms  DeleteObjects: 0.066833 ms)

AssetImportParameters requested are different than current active one (requested -> active):
  custom:video-decoder-ogg-theora: a1e56fd34408186e4bbccfd4996cb3dc -> 
  custom:container-muxer-webm: aa71ff27fc2769a1b78a27578f13a17b -> 
  custom:container-demuxer-webm: 4f35f7cbe854078d1ac9338744f61a02 -> 
  custom:video-encoder-webm-vp8: eb34c28f22e8b96e1ab97ce403110664 -> 
  custom:framework-osx-AVFoundation: e770b220cccbd017edd2c1fefb359320 -> 
  custom:audio-encoder-webm-vorbis: bf7c407c2cedff20999df2af8eb42d56 -> 
  custom:container-demuxer-ogg: 62fdf1f143b41e24485cea50d1cbac27 -> 
  custom:video-decoder-webm-vp8: 9c59270c3fd7afecdb556c50c9e8de78 -> 
  custom:audio-decoder-ogg-vorbis: bf7c407c2cedff20999df2af8eb42d56 -> 
========================================================================
Received Import Request.
  Time since last request: 40.673596 seconds.
  path: Assets/Heureka/Global/ReadmeResources/Heureka_Readme.asset
  artifactKey: Guid(4bec14875ff7a2847857dae3bbac982f) Importer(815301076,1909f56bfc062723c751e8b465ee728b)
Start importing Assets/Heureka/Global/ReadmeResources/Heureka_Readme.asset using Guid(4bec14875ff7a2847857dae3bbac982f) Importer(815301076,1909f56bfc062723c751e8b465ee728b)  -> (artifact id: '0889bbf880b626809dc52e3207266fd1') in 0.010667 seconds 
========================================================================
Received Import Request.
  Time since last request: 124.387435 seconds.
  path: Assets/PolygonSciFiCity/Textures/PolygonScifi_Emissive_01.png
  artifactKey: Guid(f31e15c1060870d4196e7875363cbb5d) Importer(815301076,1909f56bfc062723c751e8b465ee728b)
Start importing Assets/PolygonSciFiCity/Textures/PolygonScifi_Emissive_01.png using Guid(f31e15c1060870d4196e7875363cbb5d) Importer(815301076,1909f56bfc062723c751e8b465ee728b)  -> (artifact id: '70bfec3bac7b165604a63e334a56e3a0') in 0.019334 seconds 
========================================================================
Received Import Request.
  Time since last request: 61.707724 seconds.
  path: Assets/PolygonSciFiCity/Textures/Dirt_01.png
  artifactKey: Guid(10098b6ab07bb81478f96a9c740c4fec) Importer(815301076,1909f56bfc062723c751e8b465ee728b)
Start importing Assets/PolygonSciFiCity/Textures/Dirt_01.png using Guid(10098b6ab07bb81478f96a9c740c4fec) Importer(815301076,1909f56bfc062723c751e8b465ee728b)  -> (artifact id: '3abd39b9f7ef792d573c6105527a22d2') in 0.006269 seconds 
========================================================================
Received Import Request.
  Time since last request: 123.314588 seconds.
  path: Assets/Sci_Fi_Character_08/Mesh/Sci_Fi_Character_08_Arms.FBX
  artifactKey: Guid(e88dcd6540285124689c0a7131b21fbe) Importer(815301076,1909f56bfc062723c751e8b465ee728b)
Start importing Assets/Sci_Fi_Character_08/Mesh/Sci_Fi_Character_08_Arms.FBX using Guid(e88dcd6540285124689c0a7131b21fbe) Importer(815301076,1909f56bfc062723c751e8b465ee728b)  -> (artifact id: 'e4ff19f7df91558d6e4439797c0ef8ba') in 0.467361 seconds 
========================================================================
Received Import Request.
  Time since last request: 0.000054 seconds.
  path: Assets/Dark Night Part-2/DN2_03/DarkNight2_03.mat
  artifactKey: Guid(58325eb34577dab4aac864635e1b1c42) Importer(815301076,1909f56bfc062723c751e8b465ee728b)
Start importing Assets/Dark Night Part-2/DN2_03/DarkNight2_03.mat using Guid(58325eb34577dab4aac864635e1b1c42) Importer(815301076,1909f56bfc062723c751e8b465ee728b)  -> (artifact id: '6b57f8680699398e7a9490971117dc2e') in 0.145823 seconds 
========================================================================
Received Import Request.
  Time since last request: 0.000058 seconds.
  path: Assets/PolygonSciFiCity/Materials/Alternates/PolygonScifi_04_B.mat
  artifactKey: Guid(51cf3e7710a033d46b4a1f0514895eec) Importer(815301076,1909f56bfc062723c751e8b465ee728b)
Start importing Assets/PolygonSciFiCity/Materials/Alternates/PolygonScifi_04_B.mat using Guid(51cf3e7710a033d46b4a1f0514895eec) Importer(815301076,1909f56bfc062723c751e8b465ee728b)  -> (artifact id: 'ea9bc77eee71e7c776e5d73bd5f2f99e') in 0.218991 seconds 
========================================================================
Received Import Request.
  Time since last request: 0.000041 seconds.
  path: Assets/GlipContent/fonts/DCC - Ash.otf
  artifactKey: Guid(f34a6681519896845bf06c8f2eb38cbc) Importer(815301076,1909f56bfc062723c751e8b465ee728b)
Start importing Assets/GlipContent/fonts/DCC - Ash.otf using Guid(f34a6681519896845bf06c8f2eb38cbc) Importer(815301076,1909f56bfc062723c751e8b465ee728b)  -> (artifact id: '62da3655b6f8ee296d5a4f244185619a') in 1.182727 seconds 
========================================================================
Received Import Request.
  Time since last request: 0.000030 seconds.
  path: Assets/Sci-Fi Shader Pack/Assets/StandartRender/Materials/Plane.mat
  artifactKey: Guid(d14ac12df5975a54cafc0580bce471a2) Importer(815301076,1909f56bfc062723c751e8b465ee728b)
Start importing Assets/Sci-Fi Shader Pack/Assets/StandartRender/Materials/Plane.mat using Guid(d14ac12df5975a54cafc0580bce471a2) Importer(815301076,1909f56bfc062723c751e8b465ee728b)  -> (artifact id: '5b6eca04bd43865c4e93826ee35d8638') in 0.005562 seconds 
========================================================================
Received Import Request.
  Time since last request: 0.000034 seconds.
  path: Assets/PolygonSciFiCity/Materials/Alternates/PolygonScifi_02_C.mat
  artifactKey: Guid(316dc25e2b60cf84e84e83a0a0995b59) Importer(815301076,1909f56bfc062723c751e8b465ee728b)
Start importing Assets/PolygonSciFiCity/Materials/Alternates/PolygonScifi_02_C.mat using Guid(316dc25e2b60cf84e84e83a0a0995b59) Importer(815301076,1909f56bfc062723c751e8b465ee728b)  -> (artifact id: '4728c2b413d0caf1962d9c991ef3d70c') in 0.017913 seconds 
========================================================================
Received Import Request.
  Time since last request: 0.000038 seconds.
  path: Assets/PolygonSciFiCity/Materials/Misc/PolygonSciFi_Billboards_Non_Emissive.mat
  artifactKey: Guid(2e709aec687010148bd7e116471c0d9e) Importer(815301076,1909f56bfc062723c751e8b465ee728b)
Start importing Assets/PolygonSciFiCity/Materials/Misc/PolygonSciFi_Billboards_Non_Emissive.mat using Guid(2e709aec687010148bd7e116471c0d9e) Importer(815301076,1909f56bfc062723c751e8b465ee728b)  -> (artifact id: '789a09e4464b59b02611c2013ecea625') in 0.070471 seconds 
========================================================================
Received Import Request.
  Time since last request: 0.000035 seconds.
  path: Assets/PolygonSciFiCity/Materials/Misc/Glass_01_Jar.mat
  artifactKey: Guid(2caa64181f9513e4f97224fd556f3006) Importer(815301076,1909f56bfc062723c751e8b465ee728b)
Start importing Assets/PolygonSciFiCity/Materials/Misc/Glass_01_Jar.mat using Guid(2caa64181f9513e4f97224fd556f3006) Importer(815301076,1909f56bfc062723c751e8b465ee728b)  -> (artifact id: 'b0c67ec8ce8baf3c04546f36c3a76791') in 0.254463 seconds 
========================================================================
Received Import Request.
  Time since last request: 0.000046 seconds.
  path: Assets/Sci-Fi Shader Pack/Assets/StandartRender/Materials/GostDepthFade/GostDepthFade_Invert.mat
  artifactKey: Guid(0f2a2689f12694d47ae942c23416d338) Importer(815301076,1909f56bfc062723c751e8b465ee728b)
Start importing Assets/Sci-Fi Shader Pack/Assets/StandartRender/Materials/GostDepthFade/GostDepthFade_Invert.mat using Guid(0f2a2689f12694d47ae942c23416d338) Importer(815301076,1909f56bfc062723c751e8b465ee728b)  -> (artifact id: '1a827109ff9947b71b8e69c39f1c789f') in 0.259951 seconds 
========================================================================
Received Import Request.
  Time since last request: 0.000053 seconds.
  path: Assets/PolygonSciFiCity/Materials/Misc/FX_Blackhole.mat
  artifactKey: Guid(a5515c39754fbde43b94f0f536f96d1f) Importer(815301076,1909f56bfc062723c751e8b465ee728b)
Start importing Assets/PolygonSciFiCity/Materials/Misc/FX_Blackhole.mat using Guid(a5515c39754fbde43b94f0f536f96d1f) Importer(815301076,1909f56bfc062723c751e8b465ee728b)  -> (artifact id: '6e2dbb8fc18a232bee05aa6b81e4070c') in 0.172473 seconds 
========================================================================
Received Import Request.
  Time since last request: 0.000037 seconds.
  path: Assets/Sci-Fi Shader Pack/Assets/StandartRender/Materials/Dissolve/Dissolve_Mechanism.mat
  artifactKey: Guid(fe9e9931e56fc004d839e54fc4f31fd2) Importer(815301076,1909f56bfc062723c751e8b465ee728b)
Start importing Assets/Sci-Fi Shader Pack/Assets/StandartRender/Materials/Dissolve/Dissolve_Mechanism.mat using Guid(fe9e9931e56fc004d839e54fc4f31fd2) Importer(815301076,1909f56bfc062723c751e8b465ee728b)  -> (artifact id: 'b085a74da0145b2f69a73f824aa9a0ef') in 0.248441 seconds 
========================================================================
Received Import Request.
  Time since last request: 0.000033 seconds.
  path: Assets/PolygonSciFiCity/Models/FixedScaleCharacters/Materials/PolygonSciFiCity_Texture_01_A.mat
  artifactKey: Guid(4c3cb3cc1c5ccd64cbfcd940fcc563c1) Importer(815301076,1909f56bfc062723c751e8b465ee728b)
Start importing Assets/PolygonSciFiCity/Models/FixedScaleCharacters/Materials/PolygonSciFiCity_Texture_01_A.mat using Guid(4c3cb3cc1c5ccd64cbfcd940fcc563c1) Importer(815301076,1909f56bfc062723c751e8b465ee728b)  -> (artifact id: '52e231698657d8ed22e3c5765c9853e4') in 0.004645 seconds 
========================================================================
Received Import Request.
  Time since last request: 0.000056 seconds.
  path: Assets/PolygonSciFiCity/Materials/Alternates/PolygonScifi_03_F.mat
  artifactKey: Guid(86c886b27b55b4c4aaece649eea0a079) Importer(815301076,1909f56bfc062723c751e8b465ee728b)
Start importing Assets/PolygonSciFiCity/Materials/Alternates/PolygonScifi_03_F.mat using Guid(86c886b27b55b4c4aaece649eea0a079) Importer(815301076,1909f56bfc062723c751e8b465ee728b)  -> (artifact id: '778ad29d86e91d7f0299c3fa4cd2abe5') in 0.016157 seconds 
========================================================================
Received Import Request.
  Time since last request: 0.000039 seconds.
  path: Assets/PolygonSciFiCity/Materials/Alternates/PolygonScifi_04_F.mat
  artifactKey: Guid(7910c4de4f114e343a611b5cdfb7b8d8) Importer(815301076,1909f56bfc062723c751e8b465ee728b)
Start importing Assets/PolygonSciFiCity/Materials/Alternates/PolygonScifi_04_F.mat using Guid(7910c4de4f114e343a611b5cdfb7b8d8) Importer(815301076,1909f56bfc062723c751e8b465ee728b)  -> (artifact id: '0c697c31236dd172ec0ea9315c3b463c') in 0.015980 seconds 
========================================================================
Received Import Request.
  Time since last request: 0.000036 seconds.
  path: Assets/Sci_Fi_Character_08/Materials/Head/Sci_Fi_Character_08_Head_02.mat
  artifactKey: Guid(dba2d68abcf37f544860d1ca2e33619a) Importer(815301076,1909f56bfc062723c751e8b465ee728b)
Start importing Assets/Sci_Fi_Character_08/Materials/Head/Sci_Fi_Character_08_Head_02.mat using Guid(dba2d68abcf37f544860d1ca2e33619a) Importer(815301076,1909f56bfc062723c751e8b465ee728b)  -> (artifact id: '2b6fc0b81077a410d41d6e52cbf2cae0') in 0.099898 seconds 
========================================================================
Received Import Request.
  Time since last request: 0.000031 seconds.
  path: Assets/Sci-Fi Shader Pack/Assets/StandartRender/Materials/GostStandart/GostStandart_Mechanism.mat
  artifactKey: Guid(a6035cbd448e10740b9b56a095274d01) Importer(815301076,1909f56bfc062723c751e8b465ee728b)
Start importing Assets/Sci-Fi Shader Pack/Assets/StandartRender/Materials/GostStandart/GostStandart_Mechanism.mat using Guid(a6035cbd448e10740b9b56a095274d01) Importer(815301076,1909f56bfc062723c751e8b465ee728b)  -> (artifact id: '4d085b3229d4a2bde05fabcaa2a9e3b0') in 0.201532 seconds 
========================================================================
Received Import Request.
  Time since last request: 0.000051 seconds.
  path: Assets/Models/Yellow.mat
  artifactKey: Guid(7723b4f31e60ad04aa1420cb7721908a) Importer(815301076,1909f56bfc062723c751e8b465ee728b)
Start importing Assets/Models/Yellow.mat using Guid(7723b4f31e60ad04aa1420cb7721908a) Importer(815301076,1909f56bfc062723c751e8b465ee728b)  -> (artifact id: '0dc35537976aca3c6b56dce7adfd29a5') in 0.004880 seconds 
========================================================================
Received Import Request.
  Time since last request: 0.000046 seconds.
  path: Assets/PolygonSciFiCity/Materials/Misc/PolygonSciFi_Buildings_Background 2.mat
  artifactKey: Guid(053c416ba85a9124a840416db9ce7765) Importer(815301076,1909f56bfc062723c751e8b465ee728b)
Start importing Assets/PolygonSciFiCity/Materials/Misc/PolygonSciFi_Buildings_Background 2.mat using Guid(053c416ba85a9124a840416db9ce7765) Importer(815301076,1909f56bfc062723c751e8b465ee728b)  -> (artifact id: '60d4c8f6cb7731bd11048bc2835b033a') in 0.005953 seconds 
========================================================================
Received Import Request.
  Time since last request: 0.000075 seconds.
  path: Assets/Sci-Fi Shader Pack/Assets/StandartRender/Materials/GostUnlit/GostUnlit_Shell.mat
  artifactKey: Guid(b2e298b3470fd31468b295e467261f84) Importer(815301076,1909f56bfc062723c751e8b465ee728b)
Start importing Assets/Sci-Fi Shader Pack/Assets/StandartRender/Materials/GostUnlit/GostUnlit_Shell.mat using Guid(b2e298b3470fd31468b295e467261f84) Importer(815301076,1909f56bfc062723c751e8b465ee728b)  -> (artifact id: '3af2c7b5ab32b811ea83e541f8d7d68e') in 0.091444 seconds 
========================================================================
Received Import Request.
  Time since last request: 0.000055 seconds.
  path: Assets/PolygonSciFiCity/Materials/Alternates/PolygonScifi_03_C.mat
  artifactKey: Guid(3f74aff155264e942b8bd6ebc1f78268) Importer(815301076,1909f56bfc062723c751e8b465ee728b)
Start importing Assets/PolygonSciFiCity/Materials/Alternates/PolygonScifi_03_C.mat using Guid(3f74aff155264e942b8bd6ebc1f78268) Importer(815301076,1909f56bfc062723c751e8b465ee728b)  -> (artifact id: '58150c04494152f76c31893dc9d3d56f') in 0.018622 seconds 
========================================================================
Received Import Request.
  Time since last request: 0.000047 seconds.
  path: Assets/PolygonSciFiCity/Materials/PolygonScifi_04_A.mat
  artifactKey: Guid(129704b08c93bae4a89513e33c890d5e) Importer(815301076,1909f56bfc062723c751e8b465ee728b)
Start importing Assets/PolygonSciFiCity/Materials/PolygonScifi_04_A.mat using Guid(129704b08c93bae4a89513e33c890d5e) Importer(815301076,1909f56bfc062723c751e8b465ee728b)  -> (artifact id: '5705c569188fe222e7e9355aa347d6a4') in 0.017552 seconds 
========================================================================
Received Import Request.
  Time since last request: 0.000073 seconds.
  path: Assets/Sci_Fi_Character_08/Materials/Stand/Stand.mat
  artifactKey: Guid(40b670e846ef7764086cbae98510396b) Importer(815301076,1909f56bfc062723c751e8b465ee728b)
Start importing Assets/Sci_Fi_Character_08/Materials/Stand/Stand.mat using Guid(40b670e846ef7764086cbae98510396b) Importer(815301076,1909f56bfc062723c751e8b465ee728b)  -> (artifact id: 'ecb8d95a034664a31a7fc5651cc74eb1') in 0.227496 seconds 
========================================================================
Received Import Request.
  Time since last request: 0.000041 seconds.
  path: Assets/PolygonSciFiCity/Materials/Alternates/PolygonScifi_02_F.mat
  artifactKey: Guid(225e7340f239c124c9bfac44ef8dbda2) Importer(815301076,1909f56bfc062723c751e8b465ee728b)
Start importing Assets/PolygonSciFiCity/Materials/Alternates/PolygonScifi_02_F.mat using Guid(225e7340f239c124c9bfac44ef8dbda2) Importer(815301076,1909f56bfc062723c751e8b465ee728b)  -> (artifact id: 'fb95f36b64142f926aa071c8cbf3739c') in 0.026006 seconds 
========================================================================
Received Import Request.
  Time since last request: 0.000032 seconds.
  path: Assets/Sci-Fi Shader Pack/Assets/StandartRender/Materials/HologramDepthFadeDisplacement/HologramDepthFadeDisplacement_Shell.mat
  artifactKey: Guid(7d930332ca083d84d91b88ddc361fba0) Importer(815301076,1909f56bfc062723c751e8b465ee728b)
Start importing Assets/Sci-Fi Shader Pack/Assets/StandartRender/Materials/HologramDepthFadeDisplacement/HologramDepthFadeDisplacement_Shell.mat using Guid(7d930332ca083d84d91b88ddc361fba0) Importer(815301076,1909f56bfc062723c751e8b465ee728b)  -> (artifact id: '20cc80e4e476c773e5f1aa1493e0ee88') in 0.224472 seconds 
========================================================================
Received Import Request.
  Time since last request: 0.000040 seconds.
  path: Assets/Sci-Fi Shader Pack/Assets/StandartRender/Materials/Outline/Outline_Mechanism.mat
  artifactKey: Guid(2a3fc4740d497fa43a5e96d55a5669ec) Importer(815301076,1909f56bfc062723c751e8b465ee728b)
Start importing Assets/Sci-Fi Shader Pack/Assets/StandartRender/Materials/Outline/Outline_Mechanism.mat using Guid(2a3fc4740d497fa43a5e96d55a5669ec) Importer(815301076,1909f56bfc062723c751e8b465ee728b)  -> (artifact id: '397b71e99bc5d3142d59c3ca214dc5ce') in 0.261426 seconds 
========================================================================
Received Import Request.
  Time since last request: 0.000039 seconds.
  path: Assets/Sci_Fi_Character_08/Materials/Body/Sci_Fi_Character_08_Body_02.mat
  artifactKey: Guid(b40c38720e30a9f4ab9477a1291f5c21) Importer(815301076,1909f56bfc062723c751e8b465ee728b)
Start importing Assets/Sci_Fi_Character_08/Materials/Body/Sci_Fi_Character_08_Body_02.mat using Guid(b40c38720e30a9f4ab9477a1291f5c21) Importer(815301076,1909f56bfc062723c751e8b465ee728b)  -> (artifact id: '8b19d8a22c41986d1ab3352c3bce2c09') in 0.037032 seconds 
========================================================================
Received Import Request.
  Time since last request: 0.000049 seconds.
  path: Assets/PolygonSciFiCity/Materials/Alternates/PolygonScifi_01_D.mat
  artifactKey: Guid(16baf78d55bdd7b44bf9d50edffd3241) Importer(815301076,1909f56bfc062723c751e8b465ee728b)
Start importing Assets/PolygonSciFiCity/Materials/Alternates/PolygonScifi_01_D.mat using Guid(16baf78d55bdd7b44bf9d50edffd3241) Importer(815301076,1909f56bfc062723c751e8b465ee728b)  -> (artifact id: 'a130fad336a4322a14c1b2e1fe774879') in 0.018780 seconds 
========================================================================
Received Import Request.
  Time since last request: 0.000040 seconds.
  path: Assets/Sci_Fi_Character_08/Materials/Sniper_Rifle/Sniper_Rifle_02.mat
  artifactKey: Guid(a128c62547eae3545a77d5f53d26bde4) Importer(815301076,1909f56bfc062723c751e8b465ee728b)
Start importing Assets/Sci_Fi_Character_08/Materials/Sniper_Rifle/Sniper_Rifle_02.mat using Guid(a128c62547eae3545a77d5f53d26bde4) Importer(815301076,1909f56bfc062723c751e8b465ee728b)  -> (artifact id: 'ae6cebfa48094777008ca945c63ae954') in 0.033037 seconds 
========================================================================
Received Import Request.
  Time since last request: 0.000041 seconds.
  path: Assets/Sci-Fi Shader Pack/Assets/StandartRender/Materials/GostDetails/GostDetails_Shell.mat
  artifactKey: Guid(1044abdd9a24984419b8409e95fbf07f) Importer(815301076,1909f56bfc062723c751e8b465ee728b)
Start importing Assets/Sci-Fi Shader Pack/Assets/StandartRender/Materials/GostDetails/GostDetails_Shell.mat using Guid(1044abdd9a24984419b8409e95fbf07f) Importer(815301076,1909f56bfc062723c751e8b465ee728b)  -> (artifact id: '0767cf4a49fb9c0547d9cf30d5d6c1c8') in 0.192070 seconds 
========================================================================
Received Import Request.
  Time since last request: 0.000056 seconds.
  path: Assets/Models/Jogging Stumble.fbx
  artifactKey: Guid(0b8351abc79c1a545a530242e6d7c015) Importer(815301076,1909f56bfc062723c751e8b465ee728b)
Start importing Assets/Models/Jogging Stumble.fbx using Guid(0b8351abc79c1a545a530242e6d7c015) Importer(815301076,1909f56bfc062723c751e8b465ee728b)  -> (artifact id: '57bb5fedca7cbc6e3a01d52bfc286db1') in 0.040564 seconds 
========================================================================
Received Import Request.
  Time since last request: 0.000032 seconds.
  path: Assets/Sci-Fi Shader Pack/Assets/StandartRender/Materials/HologramTriplanar/HologramTriplanar_Shell.mat
  artifactKey: Guid(f5061a4f5acfe804288b4dfb4a2a2691) Importer(815301076,1909f56bfc062723c751e8b465ee728b)
Start importing Assets/Sci-Fi Shader Pack/Assets/StandartRender/Materials/HologramTriplanar/HologramTriplanar_Shell.mat using Guid(f5061a4f5acfe804288b4dfb4a2a2691) Importer(815301076,1909f56bfc062723c751e8b465ee728b)  -> (artifact id: '9b31deab0210b38524c370648d57f3c3') in 0.203858 seconds 
========================================================================
Received Import Request.
  Time since last request: 0.000042 seconds.
  path: Assets/Sci_Fi_Character_08/Materials/Details/Sci_Fi_Character_08_Details_03.mat
  artifactKey: Guid(98f00aa3cc0f77c4c95b86cc6a17cd05) Importer(815301076,1909f56bfc062723c751e8b465ee728b)
Start importing Assets/Sci_Fi_Character_08/Materials/Details/Sci_Fi_Character_08_Details_03.mat using Guid(98f00aa3cc0f77c4c95b86cc6a17cd05) Importer(815301076,1909f56bfc062723c751e8b465ee728b)  -> (artifact id: '0a3ab5e8873f1da2aff83e8c11cc770b') in 0.038853 seconds 
========================================================================
Received Import Request.
  Time since last request: 0.000036 seconds.
  path: Assets/Dark Night Part-2/DN2_05/DarkNight2_05.mat
  artifactKey: Guid(245b78b0d8fbac44fb43d66453221320) Importer(815301076,1909f56bfc062723c751e8b465ee728b)
Start importing Assets/Dark Night Part-2/DN2_05/DarkNight2_05.mat using Guid(245b78b0d8fbac44fb43d66453221320) Importer(815301076,1909f56bfc062723c751e8b465ee728b)  -> (artifact id: '72352c738acbcb0aa8016ad211f86e72') in 0.016142 seconds 
========================================================================
Received Import Request.
  Time since last request: 0.000047 seconds.
  path: Assets/PolygonSciFiCity/Materials/Alternates/PolygonScifi_04_C.mat
  artifactKey: Guid(1b3f510c14fcc24419370fa386429eac) Importer(815301076,1909f56bfc062723c751e8b465ee728b)
Start importing Assets/PolygonSciFiCity/Materials/Alternates/PolygonScifi_04_C.mat using Guid(1b3f510c14fcc24419370fa386429eac) Importer(815301076,1909f56bfc062723c751e8b465ee728b)  -> (artifact id: '683316b662b387a5d9ba40afa1bdc028') in 0.016456 seconds 
========================================================================
Received Import Request.
  Time since last request: 0.000073 seconds.
  path: Assets/PolygonSciFiCity/Materials/Alternates/PolygonScifi_04_D.mat
  artifactKey: Guid(e43e0848fad28db439d9411118a7fc32) Importer(815301076,1909f56bfc062723c751e8b465ee728b)
Start importing Assets/PolygonSciFiCity/Materials/Alternates/PolygonScifi_04_D.mat using Guid(e43e0848fad28db439d9411118a7fc32) Importer(815301076,1909f56bfc062723c751e8b465ee728b)  -> (artifact id: '2d25deb1983857e45698ce02a7aed15a') in 0.016876 seconds 
========================================================================
Received Import Request.
  Time since last request: 0.000045 seconds.
  path: Assets/PolygonSciFiCity/Materials/Misc/FX_Mat_Blank.mat
  artifactKey: Guid(28a61d89cc047e04095d124cb957aabb) Importer(815301076,1909f56bfc062723c751e8b465ee728b)
Start importing Assets/PolygonSciFiCity/Materials/Misc/FX_Mat_Blank.mat using Guid(28a61d89cc047e04095d124cb957aabb) Importer(815301076,1909f56bfc062723c751e8b465ee728b)  -> (artifact id: '9982756adf34e2602bda2b7d0aeef4d5') in 0.004636 seconds 
========================================================================
Received Import Request.
  Time since last request: 0.000041 seconds.
  path: Assets/PolygonSciFiCity/Materials/Misc/FX_Black.mat
  artifactKey: Guid(52f54f8012454f74eaa7e9926f989372) Importer(815301076,1909f56bfc062723c751e8b465ee728b)
Start importing Assets/PolygonSciFiCity/Materials/Misc/FX_Black.mat using Guid(52f54f8012454f74eaa7e9926f989372) Importer(815301076,1909f56bfc062723c751e8b465ee728b)  -> (artifact id: 'c4229da09f38a9ce84a77c0bec96e484') in 0.126606 seconds 
========================================================================
Received Import Request.
  Time since last request: 0.000036 seconds.
  path: Assets/Sci-Fi Shader Pack/Assets/StandartRender/Materials/Sci-Fi/Sci-Fi_Shell 1.mat
  artifactKey: Guid(2c370cf4b2a788344854d8a55c3c6d62) Importer(815301076,1909f56bfc062723c751e8b465ee728b)
Start importing Assets/Sci-Fi Shader Pack/Assets/StandartRender/Materials/Sci-Fi/Sci-Fi_Shell 1.mat using Guid(2c370cf4b2a788344854d8a55c3c6d62) Importer(815301076,1909f56bfc062723c751e8b465ee728b)  -> (artifact id: '8e8954d812d8bca5e391f3b687ae16b8') in 0.336063 seconds 
========================================================================
Received Import Request.
  Time since last request: 0.000048 seconds.
  path: Assets/PolygonSciFiCity/Materials/Misc/FX_Blank.mat
  artifactKey: Guid(d167ef288d96bb84ca9743bf908f53cf) Importer(815301076,1909f56bfc062723c751e8b465ee728b)
Start importing Assets/PolygonSciFiCity/Materials/Misc/FX_Blank.mat using Guid(d167ef288d96bb84ca9743bf908f53cf) Importer(815301076,1909f56bfc062723c751e8b465ee728b)  -> (artifact id: '7eaa692276db0d2749a9178f7451e410') in 0.047768 seconds 
========================================================================
Received Import Request.
  Time since last request: 0.000063 seconds.
  path: Assets/GlipContent/Animations/Breathing Idle.fbx
  artifactKey: Guid(6f0ced290c4bf9d4bb0e19b927da6ab4) Importer(815301076,1909f56bfc062723c751e8b465ee728b)
Start importing Assets/GlipContent/Animations/Breathing Idle.fbx using Guid(6f0ced290c4bf9d4bb0e19b927da6ab4) Importer(815301076,1909f56bfc062723c751e8b465ee728b)  -> (artifact id: '9560615d2be1418eebb177a42f1ed34f') in 0.018574 seconds 
========================================================================
Received Import Request.
  Time since last request: 0.000050 seconds.
  path: Assets/PolygonSciFiCity/Materials/Misc/Glass_Vehicles.mat
  artifactKey: Guid(71667d7801729984ab543f565586bab6) Importer(815301076,1909f56bfc062723c751e8b465ee728b)
Start importing Assets/PolygonSciFiCity/Materials/Misc/Glass_Vehicles.mat using Guid(71667d7801729984ab543f565586bab6) Importer(815301076,1909f56bfc062723c751e8b465ee728b)  -> (artifact id: '6cf883950a90fe59ee74c62416b11b4f') in 0.150092 seconds 
========================================================================
Received Import Request.
  Time since last request: 0.000051 seconds.
  path: Assets/Models/DrollRobots/TextMesh Pro/Resources/Fonts & Materials/LiberationSans SDF - Drop Shadow.mat
  artifactKey: Guid(e73a58f6e2794ae7b1b7e50b7fb811b0) Importer(815301076,1909f56bfc062723c751e8b465ee728b)
Start importing Assets/Models/DrollRobots/TextMesh Pro/Resources/Fonts & Materials/LiberationSans SDF - Drop Shadow.mat using Guid(e73a58f6e2794ae7b1b7e50b7fb811b0) Importer(815301076,1909f56bfc062723c751e8b465ee728b)  -> (artifact id: 'f6d198752884638f73952e8672089646') in 0.105535 seconds 
========================================================================
Received Import Request.
  Time since last request: 0.000065 seconds.
  path: Assets/Dark Night Part-2/DN2_02/DarkNight2_02.mat
  artifactKey: Guid(b678a00dbb285714d940dffa6b85c8dc) Importer(815301076,1909f56bfc062723c751e8b465ee728b)
Start importing Assets/Dark Night Part-2/DN2_02/DarkNight2_02.mat using Guid(b678a00dbb285714d940dffa6b85c8dc) Importer(815301076,1909f56bfc062723c751e8b465ee728b)  -> (artifact id: 'aa23a858110c1cc16e099e909e1a0e0b') in 0.014897 seconds 
========================================================================
Received Import Request.
  Time since last request: 0.000038 seconds.
  path: Assets/PolygonSciFiCity/Materials/Sign.mat
  artifactKey: Guid(e2f0168603ace24468a4624111e25c50) Importer(815301076,1909f56bfc062723c751e8b465ee728b)
Start importing Assets/PolygonSciFiCity/Materials/Sign.mat using Guid(e2f0168603ace24468a4624111e25c50) Importer(815301076,1909f56bfc062723c751e8b465ee728b)  -> (artifact id: '9e4975fc4c818e78d54d106cac651b27') in 0.007278 seconds 
========================================================================
Received Import Request.
  Time since last request: 0.000044 seconds.
  path: Assets/PolygonSciFiCity/Materials/Misc/FX_LightRay.mat
  artifactKey: Guid(91f21d47c2b9b7d4e946b81b5b39f0af) Importer(815301076,1909f56bfc062723c751e8b465ee728b)
Start importing Assets/PolygonSciFiCity/Materials/Misc/FX_LightRay.mat using Guid(91f21d47c2b9b7d4e946b81b5b39f0af) Importer(815301076,1909f56bfc062723c751e8b465ee728b)  -> (artifact id: '2bccf29c06ef0f8dd82775ccfa4b87cf') in 0.044024 seconds 
========================================================================
Received Import Request.
  Time since last request: 0.000050 seconds.
  path: Assets/Sci-Fi Shader Pack/Assets/StandartRender/Materials/HologramFresnelColor/HologramFresnelColor_Mechanism.mat
  artifactKey: Guid(2e70b432e19f7764fa3ab6872c65b478) Importer(815301076,1909f56bfc062723c751e8b465ee728b)
Start importing Assets/Sci-Fi Shader Pack/Assets/StandartRender/Materials/HologramFresnelColor/HologramFresnelColor_Mechanism.mat using Guid(2e70b432e19f7764fa3ab6872c65b478) Importer(815301076,1909f56bfc062723c751e8b465ee728b)  -> (artifact id: '9226c9980c939cd6bd521ee983bad52d') in 0.163394 seconds 
========================================================================
Received Import Request.
  Time since last request: 0.000039 seconds.
  path: Assets/Models/DrollRobots/Prefabs/Projectiles/ParticlesProjectileRing.mat
  artifactKey: Guid(3ad78da385c8f26499e8bd4e7cc59e43) Importer(815301076,1909f56bfc062723c751e8b465ee728b)
Start importing Assets/Models/DrollRobots/Prefabs/Projectiles/ParticlesProjectileRing.mat using Guid(3ad78da385c8f26499e8bd4e7cc59e43) Importer(815301076,1909f56bfc062723c751e8b465ee728b)  -> (artifact id: 'ab8c8e069ac1825ad9ee6380e1361566') in 0.019521 seconds 
========================================================================
Received Import Request.
  Time since last request: 0.000066 seconds.
  path: Assets/PolygonSciFiCity/Materials/Misc/SimpleSky.mat
  artifactKey: Guid(e68f77e240a7f8643b5cc4253dc37516) Importer(815301076,1909f56bfc062723c751e8b465ee728b)
Start importing Assets/PolygonSciFiCity/Materials/Misc/SimpleSky.mat using Guid(e68f77e240a7f8643b5cc4253dc37516) Importer(815301076,1909f56bfc062723c751e8b465ee728b)  -> (artifact id: '1715c92b2c31e5c68e2826d4bcf16b5e') in 0.022193 seconds 
========================================================================
Received Import Request.
  Time since last request: 0.000040 seconds.
  path: Assets/PolygonSciFiCity/Materials/PolygonScifi_02_A.mat
  artifactKey: Guid(5846f1c3c4e5f1e42b95451831844600) Importer(815301076,1909f56bfc062723c751e8b465ee728b)
Start importing Assets/PolygonSciFiCity/Materials/PolygonScifi_02_A.mat using Guid(5846f1c3c4e5f1e42b95451831844600) Importer(815301076,1909f56bfc062723c751e8b465ee728b)  -> (artifact id: '3f310089a84db0927d1799f4ba0cc7cb') in 0.019742 seconds 
========================================================================
Received Import Request.
  Time since last request: 0.000046 seconds.
  path: Assets/PostProcessing/Utilities/CustomMotionTexture/Materials/DebugMotionVectors.mat
  artifactKey: Guid(d7daeefbca4f14360bac0e1df1bdacd4) Importer(815301076,1909f56bfc062723c751e8b465ee728b)
Start importing Assets/PostProcessing/Utilities/CustomMotionTexture/Materials/DebugMotionVectors.mat using Guid(d7daeefbca4f14360bac0e1df1bdacd4) Importer(815301076,1909f56bfc062723c751e8b465ee728b)  -> (artifact id: '4013848a917637e0536ca640fe2a7010') in 0.005158 seconds 
========================================================================
Received Import Request.
  Time since last request: 0.000054 seconds.
  path: Assets/Sci-Fi Shader Pack/Demo/Sci-Fi_Mechanism.mat
  artifactKey: Guid(1c5533b637c677640af9d43ee869f1d3) Importer(815301076,1909f56bfc062723c751e8b465ee728b)
Start importing Assets/Sci-Fi Shader Pack/Demo/Sci-Fi_Mechanism.mat using Guid(1c5533b637c677640af9d43ee869f1d3) Importer(815301076,1909f56bfc062723c751e8b465ee728b)  -> (artifact id: '4a1ba37a76f4420a1c5d4d4edd0fceaa') in 0.007252 seconds 
========================================================================
Received Import Request.
  Time since last request: 0.000047 seconds.
  path: Assets/PolygonSciFiCity/Materials/Misc/FX_MuzzleFlash.mat
  artifactKey: Guid(9e790bbee27d08e45ab96d553ca371c8) Importer(815301076,1909f56bfc062723c751e8b465ee728b)
Start importing Assets/PolygonSciFiCity/Materials/Misc/FX_MuzzleFlash.mat using Guid(9e790bbee27d08e45ab96d553ca371c8) Importer(815301076,1909f56bfc062723c751e8b465ee728b)  -> (artifact id: '6a7bb1fecee80f4b9b98a619e832a0c5') in 0.005882 seconds 
========================================================================
Received Import Request.
  Time since last request: 0.000049 seconds.
  path: Assets/Models/SM_Prop_Drone_Quad_01 (1).fbx
  artifactKey: Guid(5bdbda25f678fa046808701762671d1b) Importer(815301076,1909f56bfc062723c751e8b465ee728b)
Start importing Assets/Models/SM_Prop_Drone_Quad_01 (1).fbx using Guid(5bdbda25f678fa046808701762671d1b) Importer(815301076,1909f56bfc062723c751e8b465ee728b)  -> (artifact id: '4d56280cf0da7454a02fe6b318a4d4bf') in 0.011027 seconds 
========================================================================
Received Import Request.
  Time since last request: 0.000042 seconds.
  path: Assets/Sci_Fi_Character_08/Materials/Head/Sci_Fi_Character_08_Head_04.mat
  artifactKey: Guid(8fff8cc442662c949bb1a55b3023dbdf) Importer(815301076,1909f56bfc062723c751e8b465ee728b)
Start importing Assets/Sci_Fi_Character_08/Materials/Head/Sci_Fi_Character_08_Head_04.mat using Guid(8fff8cc442662c949bb1a55b3023dbdf) Importer(815301076,1909f56bfc062723c751e8b465ee728b)  -> (artifact id: '22de3b3ee40345f263d3dd37aea35d57') in 0.035896 seconds 
========================================================================
Received Import Request.
  Time since last request: 0.000051 seconds.
  path: Assets/PolygonSciFiCity/Materials/Alternates/PolygonScifi_03_E.mat
  artifactKey: Guid(1b701687f546d7a48924043a4de4f2bf) Importer(815301076,1909f56bfc062723c751e8b465ee728b)
Start importing Assets/PolygonSciFiCity/Materials/Alternates/PolygonScifi_03_E.mat using Guid(1b701687f546d7a48924043a4de4f2bf) Importer(815301076,1909f56bfc062723c751e8b465ee728b)  -> (artifact id: 'cb828c1fab4719df6094df536f4f446a') in 0.017203 seconds 
========================================================================
Received Import Request.
  Time since last request: 0.000046 seconds.
  path: Assets/PolygonSciFiCity/Materials/Misc/Planet_Material_02.mat
  artifactKey: Guid(cd8449355422c3d4f825d47e550f0dab) Importer(815301076,1909f56bfc062723c751e8b465ee728b)
Start importing Assets/PolygonSciFiCity/Materials/Misc/Planet_Material_02.mat using Guid(cd8449355422c3d4f825d47e550f0dab) Importer(815301076,1909f56bfc062723c751e8b465ee728b)  -> (artifact id: '9e0b93087154c01c924cdfb9f73af1d6') in 0.208245 seconds 
========================================================================
Received Import Request.
  Time since last request: 0.000050 seconds.
  path: Assets/Models/DrollRobots/Models/BackGround/Wall1wide.fbx
  artifactKey: Guid(9db94269d33f1c640be81e5c768322a4) Importer(815301076,1909f56bfc062723c751e8b465ee728b)
Start importing Assets/Models/DrollRobots/Models/BackGround/Wall1wide.fbx using Guid(9db94269d33f1c640be81e5c768322a4) Importer(815301076,1909f56bfc062723c751e8b465ee728b)  -> (artifact id: '0536ada5c79b0bd3ee6dc93c1d223316') in 0.012578 seconds 
========================================================================
Received Import Request.
  Time since last request: 0.000042 seconds.
  path: Assets/Sci-Fi Shader Pack/Assets/StandartRender/Materials/Outline/Outline_Shell.mat
  artifactKey: Guid(e0cf36ab8329aab4e856c5de80c1462f) Importer(815301076,1909f56bfc062723c751e8b465ee728b)
Start importing Assets/Sci-Fi Shader Pack/Assets/StandartRender/Materials/Outline/Outline_Shell.mat using Guid(e0cf36ab8329aab4e856c5de80c1462f) Importer(815301076,1909f56bfc062723c751e8b465ee728b)  -> (artifact id: '92ab2ea9d382afa57fdfa051392d88a6') in 0.007584 seconds 
========================================================================
Received Import Request.
  Time since last request: 0.000044 seconds.
  path: Assets/Sci-Fi Shader Pack/Assets/StandartRender/Materials/GostDetails/GostDetails_Mechanism.mat
  artifactKey: Guid(4e5263133926b4a42887e55689f92091) Importer(815301076,1909f56bfc062723c751e8b465ee728b)
Start importing Assets/Sci-Fi Shader Pack/Assets/StandartRender/Materials/GostDetails/GostDetails_Mechanism.mat using Guid(4e5263133926b4a42887e55689f92091) Importer(815301076,1909f56bfc062723c751e8b465ee728b)  -> (artifact id: 'bcd0f79084d49c5e7a8f2d03410cf7d7') in 0.004762 seconds 
========================================================================
Received Import Request.
  Time since last request: 0.000033 seconds.
  path: Assets/Sci-Fi Shader Pack/Assets/StandartRender/Materials/Dissolve/Dissolve_Shell.mat
  artifactKey: Guid(2f778372f9ee5144fa04f0d2ededc154) Importer(815301076,1909f56bfc062723c751e8b465ee728b)
Start importing Assets/Sci-Fi Shader Pack/Assets/StandartRender/Materials/Dissolve/Dissolve_Shell.mat using Guid(2f778372f9ee5144fa04f0d2ededc154) Importer(815301076,1909f56bfc062723c751e8b465ee728b)  -> (artifact id: '6c8f25a9dd250622b44169087b6e41df') in 0.007638 seconds 
========================================================================
Received Import Request.
  Time since last request: 0.000039 seconds.
  path: Assets/PolygonSciFiCity/Materials/Alternates/PolygonScifi_02_B.mat
  artifactKey: Guid(a1260db7eb4efe7478246fda2858823d) Importer(815301076,1909f56bfc062723c751e8b465ee728b)
Start importing Assets/PolygonSciFiCity/Materials/Alternates/PolygonScifi_02_B.mat using Guid(a1260db7eb4efe7478246fda2858823d) Importer(815301076,1909f56bfc062723c751e8b465ee728b)  -> (artifact id: 'ed522013c3217e1c89fcd138f2a64b36') in 0.015553 seconds 
========================================================================
Received Import Request.
  Time since last request: 0.000062 seconds.
  path: Assets/Sci-Fi Shader Pack/Assets/StandartRender/Materials/Displacement/Displacement_Shell.mat
  artifactKey: Guid(8c96e92e137037843ab08495f77e3b8c) Importer(815301076,1909f56bfc062723c751e8b465ee728b)
Start importing Assets/Sci-Fi Shader Pack/Assets/StandartRender/Materials/Displacement/Displacement_Shell.mat using Guid(8c96e92e137037843ab08495f77e3b8c) Importer(815301076,1909f56bfc062723c751e8b465ee728b)  -> (artifact id: '576966d7439dc7e85fda3659fb74ad54') in 0.275424 seconds 
========================================================================
Received Import Request.
  Time since last request: 0.000050 seconds.
  path: Assets/Sci_Fi_Character_08/Mesh/Stand.obj
  artifactKey: Guid(50f82e1002f135146a75f1a86479e0e8) Importer(815301076,1909f56bfc062723c751e8b465ee728b)
Start importing Assets/Sci_Fi_Character_08/Mesh/Stand.obj using Guid(50f82e1002f135146a75f1a86479e0e8) Importer(815301076,1909f56bfc062723c751e8b465ee728b)  -> (artifact id: '139aa8bacbba346febe8f9ce28414b9c') in 0.109083 seconds 
========================================================================
Received Import Request.
  Time since last request: 0.000051 seconds.
  path: Assets/PolygonSciFiCity/Materials/Misc/PolygonSciFi_Buildings_Background 1.mat
  artifactKey: Guid(32fa68add7ffe9441b6b6c1b4b9522b6) Importer(815301076,1909f56bfc062723c751e8b465ee728b)
Start importing Assets/PolygonSciFiCity/Materials/Misc/PolygonSciFi_Buildings_Background 1.mat using Guid(32fa68add7ffe9441b6b6c1b4b9522b6) Importer(815301076,1909f56bfc062723c751e8b465ee728b)  -> (artifact id: '41da0a6a2640bd1fd3e79296eef448d9') in 0.020806 seconds 
========================================================================
Received Import Request.
  Time since last request: 0.000043 seconds.
  path: Assets/Sci_Fi_Character_08/Materials/Details/Sci_Fi_Character_08_Details_01.mat
  artifactKey: Guid(dbab803476607b44eb7b341e6321ee22) Importer(815301076,1909f56bfc062723c751e8b465ee728b)
Start importing Assets/Sci_Fi_Character_08/Materials/Details/Sci_Fi_Character_08_Details_01.mat using Guid(dbab803476607b44eb7b341e6321ee22) Importer(815301076,1909f56bfc062723c751e8b465ee728b)  -> (artifact id: 'b38c68760560c7b1cb2ff1558bca0b1a') in 0.032815 seconds 
========================================================================
Received Import Request.
  Time since last request: 0.000051 seconds.
  path: Assets/Sci-Fi Shader Pack/Assets/StandartRender/Materials/GostUnlit/GostUnlit_Mechanism.mat
  artifactKey: Guid(337caef1534f2b8429c73b27fb6e6ad9) Importer(815301076,1909f56bfc062723c751e8b465ee728b)
Start importing Assets/Sci-Fi Shader Pack/Assets/StandartRender/Materials/GostUnlit/GostUnlit_Mechanism.mat using Guid(337caef1534f2b8429c73b27fb6e6ad9) Importer(815301076,1909f56bfc062723c751e8b465ee728b)  -> (artifact id: '233729104a9ae7cca93c4986fef68d6b') in 0.005656 seconds 
========================================================================
Received Import Request.
  Time since last request: 0.000034 seconds.
  path: Assets/Models/DrollRobots/Models/BackGround/Ground.mat
  artifactKey: Guid(6e96a3b133386e64da56763acf6bf9fc) Importer(815301076,1909f56bfc062723c751e8b465ee728b)
Start importing Assets/Models/DrollRobots/Models/BackGround/Ground.mat using Guid(6e96a3b133386e64da56763acf6bf9fc) Importer(815301076,1909f56bfc062723c751e8b465ee728b)  -> (artifact id: '49b6c968f79bcaa48036654469f4cfee') in 0.012762 seconds 
========================================================================
Received Import Request.
  Time since last request: 0.000045 seconds.
  path: Assets/PolygonSciFiCity/Materials/Misc/Polygon_Scifi_FX.mat
  artifactKey: Guid(fa9e67520e3a0c04996a1f31dd165bb9) Importer(815301076,1909f56bfc062723c751e8b465ee728b)
Start importing Assets/PolygonSciFiCity/Materials/Misc/Polygon_Scifi_FX.mat using Guid(fa9e67520e3a0c04996a1f31dd165bb9) Importer(815301076,1909f56bfc062723c751e8b465ee728b)  -> (artifact id: 'b08712c6de85c5cee7d287fd9b13a860') in 0.034388 seconds 
========================================================================
Received Import Request.
  Time since last request: 0.000033 seconds.
  path: Assets/Sci_Fi_Character_08/Materials/Head/Sci_Fi_Character_08_Head_06.mat
  artifactKey: Guid(3cd289058e5974e43b76ffe516d81f57) Importer(815301076,1909f56bfc062723c751e8b465ee728b)
Start importing Assets/Sci_Fi_Character_08/Materials/Head/Sci_Fi_Character_08_Head_06.mat using Guid(3cd289058e5974e43b76ffe516d81f57) Importer(815301076,1909f56bfc062723c751e8b465ee728b)  -> (artifact id: '11b7547841bda549527862680cab55e3') in 0.033686 seconds 
========================================================================
Received Import Request.
  Time since last request: 0.000041 seconds.
  path: Assets/Models/DrollRobots/Models/Rob03/Rob03Red.mat
  artifactKey: Guid(4dc96b7b35ddda946ac06abc28bce055) Importer(815301076,1909f56bfc062723c751e8b465ee728b)
Start importing Assets/Models/DrollRobots/Models/Rob03/Rob03Red.mat using Guid(4dc96b7b35ddda946ac06abc28bce055) Importer(815301076,1909f56bfc062723c751e8b465ee728b)  -> (artifact id: '1150df6385e54e33cf4b3ac1991f82ca') in 0.014397 seconds 
========================================================================
Received Import Request.
  Time since last request: 0.000039 seconds.
  path: Assets/Sci-Fi Shader Pack/Assets/StandartRender/Materials/XRayOutline/XRayOutline_Mechanism.mat
  artifactKey: Guid(3deb8baa4d1136a4dbbcdb5150f18b53) Importer(815301076,1909f56bfc062723c751e8b465ee728b)
Start importing Assets/Sci-Fi Shader Pack/Assets/StandartRender/Materials/XRayOutline/XRayOutline_Mechanism.mat using Guid(3deb8baa4d1136a4dbbcdb5150f18b53) Importer(815301076,1909f56bfc062723c751e8b465ee728b)  -> (artifact id: '62cf3e1e2edc6a5871c5792a1d4b3864') in 0.245793 seconds 
========================================================================
Received Import Request.
  Time since last request: 4.081405 seconds.
  path: Assets/Dark Night Part-2/DN2_05
  artifactKey: Guid(efd0919ba4b481843bf5782bb633d9fb) Importer(815301076,1909f56bfc062723c751e8b465ee728b)
Start importing Assets/Dark Night Part-2/DN2_05 using Guid(efd0919ba4b481843bf5782bb633d9fb) Importer(815301076,1909f56bfc062723c751e8b465ee728b)  -> (artifact id: 'b4001d2c7d649bc051c1269abba39979') in 0.000704 seconds 
========================================================================
Received Import Request.
  Time since last request: 74.747615 seconds.
  path: Assets/Dark Night Part-2/DN2_05/Texture
  artifactKey: Guid(2852a582b4da9d042903fca5a041edb1) Importer(815301076,1909f56bfc062723c751e8b465ee728b)
Start importing Assets/Dark Night Part-2/DN2_05/Texture using Guid(2852a582b4da9d042903fca5a041edb1) Importer(815301076,1909f56bfc062723c751e8b465ee728b)  -> (artifact id: '4d28a0deca4c37d51d98f4816c010b1b') in 0.001213 seconds 
========================================================================
Received Import Request.
  Time since last request: 0.233534 seconds.
  path: Assets/Dark Night Part-2/DN2_05/Texture/DN2_5_Front.png
  artifactKey: Guid(f08bb3668e108dc4aaa7ed247cb99665) Importer(815301076,1909f56bfc062723c751e8b465ee728b)
Start importing Assets/Dark Night Part-2/DN2_05/Texture/DN2_5_Front.png using Guid(f08bb3668e108dc4aaa7ed247cb99665) Importer(815301076,1909f56bfc062723c751e8b465ee728b)  -> (artifact id: '456754f03389869977dde4f0ce428648') in 0.007099 seconds 
========================================================================
Received Import Request.
  Time since last request: 0.000062 seconds.
  path: Assets/Dark Night Part-2/DN2_05/Texture/DN2_5_Left.png
  artifactKey: Guid(e31cf23a645ec1641b113f63d841d68a) Importer(815301076,1909f56bfc062723c751e8b465ee728b)
Start importing Assets/Dark Night Part-2/DN2_05/Texture/DN2_5_Left.png using Guid(e31cf23a645ec1641b113f63d841d68a) Importer(815301076,1909f56bfc062723c751e8b465ee728b)  -> (artifact id: '8de07a7b31b219325ff2327b41b33013') in 0.005778 seconds 
========================================================================
Received Import Request.
  Time since last request: 0.000049 seconds.
  path: Assets/Dark Night Part-2/DN2_05/Texture/DN2_5_Bottom.png
  artifactKey: Guid(bf076189f1eb4a94c8cf068bf30fd511) Importer(815301076,1909f56bfc062723c751e8b465ee728b)
Start importing Assets/Dark Night Part-2/DN2_05/Texture/DN2_5_Bottom.png using Guid(bf076189f1eb4a94c8cf068bf30fd511) Importer(815301076,1909f56bfc062723c751e8b465ee728b)  -> (artifact id: '9a2980a28ec276ebeb52e3a59856775d') in 0.004719 seconds 
========================================================================
Received Import Request.
  Time since last request: 23.526134 seconds.
  path: Assets/NewScene_Profiles/Main Camera (1) Profile.asset
  artifactKey: Guid(5a6675661fc9fde40b1d8f5cdfb2cfe9) Importer(815301076,1909f56bfc062723c751e8b465ee728b)
Start importing Assets/NewScene_Profiles/Main Camera (1) Profile.asset using Guid(5a6675661fc9fde40b1d8f5cdfb2cfe9) Importer(815301076,1909f56bfc062723c751e8b465ee728b)  -> (artifact id: 'ea694319759f2de48b9bbe412ec66659') in 0.001090 seconds 
========================================================================
Received Import Request.
  Time since last request: 532.062729 seconds.
  path: Assets/GlipContent/Prefabs/Coin.prefab
  artifactKey: Guid(d46f413df3e01eb498988dfb05f2e25c) Importer(815301076,1909f56bfc062723c751e8b465ee728b)
Start importing Assets/GlipContent/Prefabs/Coin.prefab using Guid(d46f413df3e01eb498988dfb05f2e25c) Importer(815301076,1909f56bfc062723c751e8b465ee728b)  -> (artifact id: 'f02ded7d40579471aac7d5a7a57ce8ab') in 0.201186 seconds 
========================================================================
Received Import Request.
  Time since last request: 6.199766 seconds.
  path: Assets/Models/DrollRobots/Models
  artifactKey: Guid(d34a544b6e85f9c478d0825dfe4e5ffb) Importer(815301076,1909f56bfc062723c751e8b465ee728b)
Start importing Assets/Models/DrollRobots/Models using Guid(d34a544b6e85f9c478d0825dfe4e5ffb) Importer(815301076,1909f56bfc062723c751e8b465ee728b)  -> (artifact id: 'a8b4a00c65a8d458ea64288f969568c1') in 0.001560 seconds 
========================================================================
Received Import Request.
  Time since last request: 1.223038 seconds.
  path: Assets/Models/DrollRobots/Models/Rob03
  artifactKey: Guid(0646b439db8e00945ac1b53e8c69e543) Importer(815301076,1909f56bfc062723c751e8b465ee728b)
Start importing Assets/Models/DrollRobots/Models/Rob03 using Guid(0646b439db8e00945ac1b53e8c69e543) Importer(815301076,1909f56bfc062723c751e8b465ee728b)  -> (artifact id: 'df9a85d62825d534fd9a403833169d97') in 0.001273 seconds 
========================================================================
Received Import Request.
  Time since last request: 0.063112 seconds.
  path: Assets/Models/DrollRobots/Models/Rob03/Rob03.fbx
  artifactKey: Guid(2884764dbd0cca645ace606d0185f0cc) Importer(815301076,1909f56bfc062723c751e8b465ee728b)
Start importing Assets/Models/DrollRobots/Models/Rob03/Rob03.fbx using Guid(2884764dbd0cca645ace606d0185f0cc) Importer(815301076,1909f56bfc062723c751e8b465ee728b)  -> (artifact id: '323e92788587b53a2a188351c8401efc') in 0.028474 seconds 
========================================================================
Received Import Request.
  Time since last request: 1.351432 seconds.
  path: Assets/Models/DrollRobots/Models/Projectiles
  artifactKey: Guid(fdb4f81080678384c8a34792d34260ac) Importer(815301076,1909f56bfc062723c751e8b465ee728b)
Start importing Assets/Models/DrollRobots/Models/Projectiles using Guid(fdb4f81080678384c8a34792d34260ac) Importer(815301076,1909f56bfc062723c751e8b465ee728b)  -> (artifact id: 'd3c1c9494086a9b963c3a45d201ad55d') in 0.001589 seconds 
========================================================================
Received Import Request.
  Time since last request: 0.075950 seconds.
  path: Assets/Models/DrollRobots/Models/Projectiles/base00.png
  artifactKey: Guid(ddab033776c66e94a856b739d1fa7d1c) Importer(815301076,1909f56bfc062723c751e8b465ee728b)
Start importing Assets/Models/DrollRobots/Models/Projectiles/base00.png using Guid(ddab033776c66e94a856b739d1fa7d1c) Importer(815301076,1909f56bfc062723c751e8b465ee728b)  -> (artifact id: '33696465a61ccc0d5d03b78928f7eb7d') in 0.007234 seconds 
========================================================================
Received Import Request.
  Time since last request: 0.000047 seconds.
  path: Assets/Models/DrollRobots/Models/Projectiles/strike00a.png
  artifactKey: Guid(76b7d6b6e44c2af40b2c885bf7213f50) Importer(815301076,1909f56bfc062723c751e8b465ee728b)
Start importing Assets/Models/DrollRobots/Models/Projectiles/strike00a.png using Guid(76b7d6b6e44c2af40b2c885bf7213f50) Importer(815301076,1909f56bfc062723c751e8b465ee728b)  -> (artifact id: 'd46246c337131291db3b6ba9d51f5aec') in 0.005354 seconds 
========================================================================
Received Import Request.
  Time since last request: 3.775837 seconds.
  path: Assets/Models/DrollRobots/Textures/Robots/Rob03/Rob03White_AlbedoTransparency.png
  artifactKey: Guid(8c8c12c48069ece4b91841b1b5ea03bb) Importer(815301076,1909f56bfc062723c751e8b465ee728b)
Start importing Assets/Models/DrollRobots/Textures/Robots/Rob03/Rob03White_AlbedoTransparency.png using Guid(8c8c12c48069ece4b91841b1b5ea03bb) Importer(815301076,1909f56bfc062723c751e8b465ee728b)  -> (artifact id: '2e015d4bf66b496218ad36baeb587532') in 0.008069 seconds 
========================================================================
Received Import Request.
  Time since last request: 277.235862 seconds.
  path: Assets/Dark Night Part-2/DN2_05/DarkNight2_05.mat
  artifactKey: Guid(245b78b0d8fbac44fb43d66453221320) Importer(815301076,1909f56bfc062723c751e8b465ee728b)
Start importing Assets/Dark Night Part-2/DN2_05/DarkNight2_05.mat using Guid(245b78b0d8fbac44fb43d66453221320) Importer(815301076,1909f56bfc062723c751e8b465ee728b)  -> (artifact id: '9e887da7f4a033cd5ba5799dd2248bb3') in 0.011688 seconds 
