Using pre-set license
Built from '2020.3/release' branch; Version is '2020.3.15f2 (6cf78cb77498) revision 7141260'; Using compiler version '192528614'; Build Type 'Release'
OS: 'Windows 10 Pro; OS build 19045.2364; Version 2009; 64bit' Language: 'en' Physical Memory: 16315 MB
BatchMode: 1, IsHumanControllingUs: 0, StartBugReporterOnCrash: 0, Is64bit: 1, IsPro: 0

 COMMAND LINE ARGUMENTS:
C:\Program Files\Unity\Hub\Editor\2020.3.15f2\Editor\Unity.exe
-adb2
-batchMode
-noUpm
-name
AssetImportWorker0
-projectPath
G:/Glip/FazeRunner
-logFile
Logs/AssetImportWorker0.log
-srvPort
1150
Successfully changed project path to: G:/Glip/FazeRunner
G:/Glip/FazeRunner
Using Asset Import Pipeline V2.
Refreshing native plugins compatible for Editor in 45.87 ms, found 4 plugins.
Preloading 0 native plugins for Editor in 0.00 ms.
Initialize engine version: 2020.3.15f2 (6cf78cb77498)
[Subsystems] Discovering subsystems at path C:/Program Files/Unity/Hub/Editor/2020.3.15f2/Editor/Data/Resources/UnitySubsystems
[Subsystems] Discovering subsystems at path G:/Glip/FazeRunner/Assets
GfxDevice: creating device client; threaded=0
Direct3D:
    Version:  Direct3D 11.0 [level 11.1]
    Renderer: NVIDIA GeForce RTX 2070 (ID=0x1f02)
    Vendor:   
    VRAM:     8019 MB
    Driver:   31.0.15.2698
Initialize mono
Mono path[0] = 'C:/Program Files/Unity/Hub/Editor/2020.3.15f2/Editor/Data/Managed'
Mono path[1] = 'C:/Program Files/Unity/Hub/Editor/2020.3.15f2/Editor/Data/MonoBleedingEdge/lib/mono/unityjit'
Mono config path = 'C:/Program Files/Unity/Hub/Editor/2020.3.15f2/Editor/Data/MonoBleedingEdge/etc'
Using monoOptions --debugger-agent=transport=dt_socket,embedding=1,server=y,suspend=n,address=127.0.0.1:56768
Begin MonoManager ReloadAssembly
Registering precompiled unity dll's ...
Register platform support module: C:/Program Files/Unity/Hub/Editor/2020.3.15f2/Editor/Data/PlaybackEngines/WebGLSupport/UnityEditor.WebGL.Extensions.dll
Register platform support module: C:/Program Files/Unity/Hub/Editor/2020.3.15f2/Editor/Data/PlaybackEngines/WindowsStandaloneSupport/UnityEditor.WindowsStandalone.Extensions.dll
Registered in 0.001943 seconds.
Native extension for WindowsStandalone target not found
Native extension for WebGL target not found
Refreshing native plugins compatible for Editor in 43.60 ms, found 4 plugins.
Preloading 0 native plugins for Editor in 0.00 ms.
Mono: successfully reloaded assembly
- Completed reload, in  3.805 seconds
Domain Reload Profiling:
	ReloadAssembly (3805ms)
		BeginReloadAssembly (44ms)
			ExecutionOrderSort (0ms)
			DisableScriptedObjects (0ms)
			BackupInstance (0ms)
			ReleaseScriptingObjects (0ms)
			CreateAndSetChildDomain (1ms)
		EndReloadAssembly (347ms)
			LoadAssemblies (42ms)
			RebuildTransferFunctionScriptingTraits (0ms)
			SetupTypeCache (123ms)
			ReleaseScriptCaches (0ms)
			RebuildScriptCaches (26ms)
			SetupLoadedEditorAssemblies (142ms)
				LogAssemblyErrors (0ms)
				InitializePlatformSupportModulesInManaged (4ms)
				SetLoadedEditorAssemblies (0ms)
				RefreshPlugins (44ms)
				BeforeProcessingInitializeOnLoad (12ms)
				ProcessInitializeOnLoadAttributes (61ms)
				ProcessInitializeOnLoadMethodAttributes (21ms)
				AfterProcessingInitializeOnLoad (0ms)
				EditorAssembliesLoaded (0ms)
			ExecutionOrderSort2 (0ms)
			AwakeInstancesAfterBackupRestoration (0ms)
Platform modules already initialized, skipping
Registering precompiled user dll's ...
Registered in 0.001876 seconds.
Begin MonoManager ReloadAssembly
Native extension for WindowsStandalone target not found
Native extension for WebGL target not found
Refreshing native plugins compatible for Editor in 0.49 ms, found 4 plugins.
Preloading 0 native plugins for Editor in 0.00 ms.
Mono: successfully reloaded assembly
- Completed reload, in  0.984 seconds
Domain Reload Profiling:
	ReloadAssembly (984ms)
		BeginReloadAssembly (115ms)
			ExecutionOrderSort (0ms)
			DisableScriptedObjects (4ms)
			BackupInstance (0ms)
			ReleaseScriptingObjects (0ms)
			CreateAndSetChildDomain (15ms)
		EndReloadAssembly (820ms)
			LoadAssemblies (66ms)
			RebuildTransferFunctionScriptingTraits (0ms)
			SetupTypeCache (238ms)
			ReleaseScriptCaches (0ms)
			RebuildScriptCaches (43ms)
			SetupLoadedEditorAssemblies (396ms)
				LogAssemblyErrors (0ms)
				InitializePlatformSupportModulesInManaged (5ms)
				SetLoadedEditorAssemblies (0ms)
				RefreshPlugins (1ms)
				BeforeProcessingInitializeOnLoad (67ms)
				ProcessInitializeOnLoadAttributes (314ms)
				ProcessInitializeOnLoadMethodAttributes (4ms)
				AfterProcessingInitializeOnLoad (5ms)
				EditorAssembliesLoaded (0ms)
			ExecutionOrderSort2 (0ms)
			AwakeInstancesAfterBackupRestoration (5ms)
Platform modules already initialized, skipping
========================================================================
Worker process is ready to serve import requests
Launched and connected shader compiler UnityShaderCompiler.exe after 0.05 seconds
Refreshing native plugins compatible for Editor in 0.48 ms, found 4 plugins.
Preloading 0 native plugins for Editor in 0.00 ms.
Unloading 2108 Unused Serialized files (Serialized files now loaded: 0)
System memory in use before: 108.0 MB.
System memory in use after: 108.1 MB.

Unloading 19 unused Assets to reduce memory usage. Loaded Objects now: 2553.
Total: 2.007500 ms (FindLiveObjects: 0.153000 ms CreateObjectMapping: 0.054700 ms MarkObjects: 1.692000 ms  DeleteObjects: 0.107000 ms)

AssetImportParameters requested are different than current active one (requested -> active):
  custom:framework-win-MediaFoundation: 216162199b28c13a410421893ffa2e32 -> 
  custom:video-decoder-ogg-theora: a1e56fd34408186e4bbccfd4996cb3dc -> 
  custom:container-muxer-webm: aa71ff27fc2769a1b78a27578f13a17b -> 
  custom:container-demuxer-webm: 4f35f7cbe854078d1ac9338744f61a02 -> 
  custom:container-demuxer-ogg: 62fdf1f143b41e24485cea50d1cbac27 -> 
  custom:video-encoder-webm-vp8: eb34c28f22e8b96e1ab97ce403110664 -> 
  custom:video-decoder-webm-vp8: 9c59270c3fd7afecdb556c50c9e8de78 -> 
  custom:audio-decoder-ogg-vorbis: bf7c407c2cedff20999df2af8eb42d56 -> 
  custom:audio-encoder-webm-vorbis: bf7c407c2cedff20999df2af8eb42d56 -> 
========================================================================
Received Import Request.
  path: Assets/GlipContent/Animations/Ely By K.Atienza@Hit On Legs.fbx
  artifactKey: Guid(4c102be5f1eca4cf5a66b50943c51e75) Importer(815301076,1909f56bfc062723c751e8b465ee728b)
Start importing Assets/GlipContent/Animations/Ely By K.Atienza@Hit On Legs.fbx using Guid(4c102be5f1eca4cf5a66b50943c51e75) Importer(815301076,1909f56bfc062723c751e8b465ee728b)  -> (artifact id: '7aa425468c93054012afc725e012c35e') in 0.211602 seconds 
  Import took 0.214485 seconds .

========================================================================
Received Import Request.
  Time since last request: 0.000199 seconds.
  path: Assets/GlipContent/Animations/Ely By K.Atienza@Fast Run (1).fbx
  artifactKey: Guid(69918c597793143a18eb433b518bf296) Importer(815301076,1909f56bfc062723c751e8b465ee728b)
Start importing Assets/GlipContent/Animations/Ely By K.Atienza@Fast Run (1).fbx using Guid(69918c597793143a18eb433b518bf296) Importer(815301076,1909f56bfc062723c751e8b465ee728b)  -> (artifact id: '7a4c768719c6740cee1d69fce0bedeee') in 0.068945 seconds 
  Import took 0.072366 seconds .

========================================================================
Received Import Request.
  Time since last request: 0.000270 seconds.
  path: Assets/GlipContent/Animations/Ely By K.Atienza@Hit On Legs (1).fbx
  artifactKey: Guid(50bf09cbd352b4507900a7405682aab1) Importer(815301076,1909f56bfc062723c751e8b465ee728b)
Start importing Assets/GlipContent/Animations/Ely By K.Atienza@Hit On Legs (1).fbx using Guid(50bf09cbd352b4507900a7405682aab1) Importer(815301076,1909f56bfc062723c751e8b465ee728b)  -> (artifact id: '8302a4e244f8142468134a6bcacc17a0') in 0.038611 seconds 
  Import took 0.041547 seconds .

========================================================================
Received Import Request.
  Time since last request: 0.000188 seconds.
  path: Assets/GlipContent/PP.asset
  artifactKey: Guid(c05eca6ac90489f4ea97c3e3dd07beca) Importer(815301076,1909f56bfc062723c751e8b465ee728b)
Start importing Assets/GlipContent/PP.asset using Guid(c05eca6ac90489f4ea97c3e3dd07beca) Importer(815301076,1909f56bfc062723c751e8b465ee728b)  -> (artifact id: '31dc65d4c6615db2f47818d17065d2ee') in 0.030072 seconds 
  Import took 0.033010 seconds .

========================================================================
Received Import Request.
  Time since last request: 0.000162 seconds.
  path: Assets/GlipContent/Screen Shot 2023-03-08 at 6.04.53 PM.png
  artifactKey: Guid(2e321d557c5324b22ab8a90d802a4509) Importer(815301076,1909f56bfc062723c751e8b465ee728b)
Start importing Assets/GlipContent/Screen Shot 2023-03-08 at 6.04.53 PM.png using Guid(2e321d557c5324b22ab8a90d802a4509) Importer(815301076,1909f56bfc062723c751e8b465ee728b)  -> (artifact id: '9fd439fb29fc9a5f2df26a366ccb0bbf') in 0.015647 seconds 
  Import took 0.018268 seconds .

========================================================================
Received Import Request.
  Time since last request: 0.000179 seconds.
  path: Assets/GlipContent/Animations/Ely By K.Atienza@Running.fbx
  artifactKey: Guid(19af59259f655481c851c2dc6745dc8f) Importer(815301076,1909f56bfc062723c751e8b465ee728b)
Start importing Assets/GlipContent/Animations/Ely By K.Atienza@Running.fbx using Guid(19af59259f655481c851c2dc6745dc8f) Importer(815301076,1909f56bfc062723c751e8b465ee728b)  -> (artifact id: 'f29d6a7a2432f777c50d6eebae953b1d') in 0.028640 seconds 
  Import took 0.032308 seconds .

========================================================================
Received Import Request.
  Time since last request: 0.000167 seconds.
  path: Assets/GlipContent/Animations/Running L.fbx
  artifactKey: Guid(7e9cf9035d5774940a131c7474371367) Importer(815301076,1909f56bfc062723c751e8b465ee728b)
Start importing Assets/GlipContent/Animations/Running L.fbx using Guid(7e9cf9035d5774940a131c7474371367) Importer(815301076,1909f56bfc062723c751e8b465ee728b)  -> (artifact id: 'bca0125a9da0bc156b09741cf34bb744') in 0.035702 seconds 
  Import took 0.038872 seconds .

========================================================================
Received Import Request.
  Time since last request: 0.000163 seconds.
  path: Assets/GlipContent/Animations/anim.controller
  artifactKey: Guid(098f2201bd884a74ba32fd6ba27d9b0d) Importer(815301076,1909f56bfc062723c751e8b465ee728b)
Start importing Assets/GlipContent/Animations/anim.controller using Guid(098f2201bd884a74ba32fd6ba27d9b0d) Importer(815301076,1909f56bfc062723c751e8b465ee728b)  -> (artifact id: 'f4949759b986b1b16bcb1a6669478a25') in 0.015269 seconds 
  Import took 0.018074 seconds .

========================================================================
Received Import Request.
  Time since last request: 1138.898844 seconds.
  path: Assets/GlipContent/Animations/Runner model.fbx
  artifactKey: Guid(2dc30514d84c43d40ab6b862d7cf8463) Importer(815301076,1909f56bfc062723c751e8b465ee728b)
Start importing Assets/GlipContent/Animations/Runner model.fbx using Guid(2dc30514d84c43d40ab6b862d7cf8463) Importer(815301076,1909f56bfc062723c751e8b465ee728b)  -> (artifact id: '2899ab9e85ce58715451baa161dfc9ec') in 0.105203 seconds 
  Import took 0.109353 seconds .

========================================================================
Received Import Request.
  Time since last request: 4.792649 seconds.
  path: Assets/GlipContent/Animations/Runner model.fbx
  artifactKey: Guid(2dc30514d84c43d40ab6b862d7cf8463) Importer(815301076,1909f56bfc062723c751e8b465ee728b)
Start importing Assets/GlipContent/Animations/Runner model.fbx using Guid(2dc30514d84c43d40ab6b862d7cf8463) Importer(815301076,1909f56bfc062723c751e8b465ee728b)  -> (artifact id: 'f0c601965cc9d85ce85515c3fdd567e2') in 0.074922 seconds 
  Import took 0.078636 seconds .

========================================================================
Received Import Request.
  Time since last request: 36.550179 seconds.
  path: Assets/GlipContent/Animations/Runner model.fbx
  artifactKey: Guid(2dc30514d84c43d40ab6b862d7cf8463) Importer(815301076,1909f56bfc062723c751e8b465ee728b)
Start importing Assets/GlipContent/Animations/Runner model.fbx using Guid(2dc30514d84c43d40ab6b862d7cf8463) Importer(815301076,1909f56bfc062723c751e8b465ee728b)  -> (artifact id: 'ef472a9dc1d6ff48cb3fc9f0bbc29617') in 0.048577 seconds 
  Import took 0.052543 seconds .

========================================================================
Received Import Request.
  Time since last request: 0.000343 seconds.
  path: Assets/GlipContent/Animations/Runner model.fbx
  artifactKey: Guid(2dc30514d84c43d40ab6b862d7cf8463) Importer(815301076,1909f56bfc062723c751e8b465ee728b)
Start importing Assets/GlipContent/Animations/Runner model.fbx using Guid(2dc30514d84c43d40ab6b862d7cf8463) Importer(815301076,1909f56bfc062723c751e8b465ee728b)  -> (artifact id: 'ef472a9dc1d6ff48cb3fc9f0bbc29617') in 0.045363 seconds 
  Import took 0.049090 seconds .

========================================================================
Received Import Request.
  Time since last request: 9.424006 seconds.
  path: Assets/GlipContent/Animations/Runner model.fbx
  artifactKey: Guid(2dc30514d84c43d40ab6b862d7cf8463) Importer(815301076,1909f56bfc062723c751e8b465ee728b)
Start importing Assets/GlipContent/Animations/Runner model.fbx using Guid(2dc30514d84c43d40ab6b862d7cf8463) Importer(815301076,1909f56bfc062723c751e8b465ee728b)  -> (artifact id: 'd0410963261343a80bdb6031f97236ca') in 0.106365 seconds 
  Import took 0.110066 seconds .

========================================================================
Received Import Request.
  Time since last request: 86.073392 seconds.
  path: Assets/GlipContent/Animations/Runner model.fbx
  artifactKey: Guid(2dc30514d84c43d40ab6b862d7cf8463) Importer(815301076,1909f56bfc062723c751e8b465ee728b)
Start importing Assets/GlipContent/Animations/Runner model.fbx using Guid(2dc30514d84c43d40ab6b862d7cf8463) Importer(815301076,1909f56bfc062723c751e8b465ee728b)  -> (artifact id: 'a8d1d79dd73b21644a0db2f616871f5c') in 0.048884 seconds 
  Import took 0.059268 seconds .

========================================================================
Received Import Request.
  Time since last request: 516.677158 seconds.
  path: Assets/GlipContent/Scenes/MainGame.unity
  artifactKey: Guid(56cc88503395bca42bd20d9dc7a83ed9) Importer(815301076,1909f56bfc062723c751e8b465ee728b)
Start importing Assets/GlipContent/Scenes/MainGame.unity using Guid(56cc88503395bca42bd20d9dc7a83ed9) Importer(815301076,1909f56bfc062723c751e8b465ee728b)  -> (artifact id: 'f57edd1a6708894a8773a0620e429be9') in 0.007268 seconds 
  Import took 0.010691 seconds .

========================================================================
Received Prepare
Registering precompiled user dll's ...
Registered in 0.002019 seconds.
Begin MonoManager ReloadAssembly
Native extension for WindowsStandalone target not found
Native extension for WebGL target not found
Refreshing native plugins compatible for Editor in 0.49 ms, found 4 plugins.
Preloading 0 native plugins for Editor in 0.00 ms.
Mono: successfully reloaded assembly
- Completed reload, in  0.955 seconds
Domain Reload Profiling:
	ReloadAssembly (956ms)
		BeginReloadAssembly (105ms)
			ExecutionOrderSort (0ms)
			DisableScriptedObjects (3ms)
			BackupInstance (0ms)
			ReleaseScriptingObjects (0ms)
			CreateAndSetChildDomain (32ms)
		EndReloadAssembly (800ms)
			LoadAssemblies (70ms)
			RebuildTransferFunctionScriptingTraits (0ms)
			SetupTypeCache (235ms)
			ReleaseScriptCaches (1ms)
			RebuildScriptCaches (38ms)
			SetupLoadedEditorAssemblies (378ms)
				LogAssemblyErrors (0ms)
				InitializePlatformSupportModulesInManaged (5ms)
				SetLoadedEditorAssemblies (0ms)
				RefreshPlugins (1ms)
				BeforeProcessingInitializeOnLoad (63ms)
				ProcessInitializeOnLoadAttributes (296ms)
				ProcessInitializeOnLoadMethodAttributes (6ms)
				AfterProcessingInitializeOnLoad (6ms)
				EditorAssembliesLoaded (0ms)
			ExecutionOrderSort2 (0ms)
			AwakeInstancesAfterBackupRestoration (5ms)
Platform modules already initialized, skipping
Refreshing native plugins compatible for Editor in 0.53 ms, found 4 plugins.
Preloading 0 native plugins for Editor in 0.00 ms.
Unloading 2041 Unused Serialized files (Serialized files now loaded: 0)
System memory in use before: 105.5 MB.
System memory in use after: 105.6 MB.

Unloading 14 unused Assets to reduce memory usage. Loaded Objects now: 2600.
Total: 1.905400 ms (FindLiveObjects: 0.175200 ms CreateObjectMapping: 0.061200 ms MarkObjects: 1.655400 ms  DeleteObjects: 0.012900 ms)

AssetImportParameters requested are different than current active one (requested -> active):
  custom:framework-win-MediaFoundation: 216162199b28c13a410421893ffa2e32 -> 
  custom:video-decoder-ogg-theora: a1e56fd34408186e4bbccfd4996cb3dc -> 
  custom:container-muxer-webm: aa71ff27fc2769a1b78a27578f13a17b -> 
  custom:container-demuxer-webm: 4f35f7cbe854078d1ac9338744f61a02 -> 
  custom:container-demuxer-ogg: 62fdf1f143b41e24485cea50d1cbac27 -> 
  custom:video-encoder-webm-vp8: eb34c28f22e8b96e1ab97ce403110664 -> 
  custom:video-decoder-webm-vp8: 9c59270c3fd7afecdb556c50c9e8de78 -> 
  custom:audio-decoder-ogg-vorbis: bf7c407c2cedff20999df2af8eb42d56 -> 
  custom:audio-encoder-webm-vorbis: bf7c407c2cedff20999df2af8eb42d56 -> 
========================================================================
Received Import Request.
  Time since last request: 424.081322 seconds.
  path: Assets/GlipContent/Animations/Floating.fbx
  artifactKey: Guid(0f4e2c38cd4b3574e9a2684ef7e1ad3f) Importer(815301076,1909f56bfc062723c751e8b465ee728b)
Start importing Assets/GlipContent/Animations/Floating.fbx using Guid(0f4e2c38cd4b3574e9a2684ef7e1ad3f) Importer(815301076,1909f56bfc062723c751e8b465ee728b)  -> (artifact id: '4cdd14a5ea5a31e395fadfc4a725a196') in 0.139923 seconds 
  Import took 0.150730 seconds .

========================================================================
Received Import Request.
  Time since last request: 0.017476 seconds.
  path: Assets/GlipContent/Animations/Floating.fbx
  artifactKey: Guid(0f4e2c38cd4b3574e9a2684ef7e1ad3f) Importer(815301076,1909f56bfc062723c751e8b465ee728b)
Start importing Assets/GlipContent/Animations/Floating.fbx using Guid(0f4e2c38cd4b3574e9a2684ef7e1ad3f) Importer(815301076,1909f56bfc062723c751e8b465ee728b)  -> (artifact id: '4cdd14a5ea5a31e395fadfc4a725a196') in 0.044346 seconds 
  Import took 0.052689 seconds .

========================================================================
Received Import Request.
  Time since last request: 147.461888 seconds.
  path: Assets/GlipContent/Animations/Fall A Loop.fbx
  artifactKey: Guid(b6e9517978c2dbf46b294f1674c74de6) Importer(815301076,1909f56bfc062723c751e8b465ee728b)
Start importing Assets/GlipContent/Animations/Fall A Loop.fbx using Guid(b6e9517978c2dbf46b294f1674c74de6) Importer(815301076,1909f56bfc062723c751e8b465ee728b)  -> (artifact id: '1d74201e6a76164211c658b6c2d1282a') in 0.024824 seconds 
  Import took 0.033701 seconds .

========================================================================
Received Import Request.
  Time since last request: 13.286158 seconds.
  path: Assets/GlipContent/Animations/Fall A Loop.fbx
  artifactKey: Guid(b6e9517978c2dbf46b294f1674c74de6) Importer(815301076,1909f56bfc062723c751e8b465ee728b)
Start importing Assets/GlipContent/Animations/Fall A Loop.fbx using Guid(b6e9517978c2dbf46b294f1674c74de6) Importer(815301076,1909f56bfc062723c751e8b465ee728b)  -> (artifact id: '2b4ac72c240be6dfe9eccd51bc988421') in 0.062870 seconds 
  Import took 0.071950 seconds .

========================================================================
Received Import Request.
  Time since last request: 13.759239 seconds.
  path: Assets/GlipContent/Animations/anim.controller
  artifactKey: Guid(098f2201bd884a74ba32fd6ba27d9b0d) Importer(815301076,1909f56bfc062723c751e8b465ee728b)
Start importing Assets/GlipContent/Animations/anim.controller using Guid(098f2201bd884a74ba32fd6ba27d9b0d) Importer(815301076,1909f56bfc062723c751e8b465ee728b)  -> (artifact id: '3efc28a80daaa912bad546951a4aa22d') in 0.020940 seconds 
  Import took 0.030139 seconds .

========================================================================
Received Import Request.
  Time since last request: 236.677545 seconds.
  path: Assets/GlipContent/Animations/Runner model1.fbx
  artifactKey: Guid(c61fb714473c6554b8c084a9bf9de1fa) Importer(815301076,1909f56bfc062723c751e8b465ee728b)
Start importing Assets/GlipContent/Animations/Runner model1.fbx using Guid(c61fb714473c6554b8c084a9bf9de1fa) Importer(815301076,1909f56bfc062723c751e8b465ee728b)  -> (artifact id: '291c2573fcd91da599a0819871626ee2') in 0.074152 seconds 
  Import took 0.083486 seconds .

========================================================================
Received Import Request.
  Time since last request: 0.036450 seconds.
  path: Assets/GlipContent/Animations/Runner model1.fbx
  artifactKey: Guid(c61fb714473c6554b8c084a9bf9de1fa) Importer(815301076,1909f56bfc062723c751e8b465ee728b)
Start importing Assets/GlipContent/Animations/Runner model1.fbx using Guid(c61fb714473c6554b8c084a9bf9de1fa) Importer(815301076,1909f56bfc062723c751e8b465ee728b)  -> (artifact id: '291c2573fcd91da599a0819871626ee2') in 0.094668 seconds 
  Import took 0.099135 seconds .

========================================================================
Received Import Request.
  Time since last request: 19.307471 seconds.
  path: Assets/GlipContent/Animations/Runner model1.fbx
  artifactKey: Guid(c61fb714473c6554b8c084a9bf9de1fa) Importer(815301076,1909f56bfc062723c751e8b465ee728b)
Start importing Assets/GlipContent/Animations/Runner model1.fbx using Guid(c61fb714473c6554b8c084a9bf9de1fa) Importer(815301076,1909f56bfc062723c751e8b465ee728b)  -> (artifact id: '4d8c3ec0b2d5d46eeb93a14c08c89f2b') in 0.071265 seconds 
  Import took 0.076227 seconds .

========================================================================
Received Import Request.
  Time since last request: 5.050478 seconds.
  path: Assets/GlipContent/Animations/Runner model1.fbx
  artifactKey: Guid(c61fb714473c6554b8c084a9bf9de1fa) Importer(815301076,1909f56bfc062723c751e8b465ee728b)
Start importing Assets/GlipContent/Animations/Runner model1.fbx using Guid(c61fb714473c6554b8c084a9bf9de1fa) Importer(815301076,1909f56bfc062723c751e8b465ee728b)  -> (artifact id: 'bb42f9f2b64ac0f4ce93ef71adbefed3') in 0.050752 seconds 
  Import took 0.069690 seconds .

AssetImportWorkerClient::OnTransportError - code=2 error=End of file
